dataSolve : data/1a-DFlf-128.json 
Error norm-1   : 0.0000019722
Error norm-2   : 0.0000021927
Error norm-inf : 0.0000030909
Residual       : 0.0000000072
time cost (sec): 0.001751
dataSolve : data/1a-DFlf-256.json
Error norm-1   : 0.0000004950
Error norm-2   : 0.0000005492
Error norm-inf : 0.0000007727
Residual       : 0.0000000072
time cost (sec): 0.002229
dataSolve : data/1a-DFlf-32.json
Error norm-1   : 0.0000308246
Error norm-2   : 0.0000346949
Error norm-inf : 0.0000494147
Residual       : 0.0000000072
time cost (sec): 0.000618
dataSolve : data/1a-DFlf-512.json
Error norm-1   : 0.0000001240
Error norm-2   : 0.0000001374
Error norm-inf : 0.0000001932
Residual       : 0.0000000072
time cost (sec): 0.003319
dataSolve : data/1a-DFlf-64.json
Error norm-1   : 0.0000078274
Error norm-2   : 0.0000087377
Error norm-inf : 0.0000123644
Residual       : 0.0000000072
time cost (sec): 0.000801
dataSolve : data/1a-DFli-128.json
Error norm-1   : 0.0000019722
Error norm-2   : 0.0000021927
Error norm-inf : 0.0000030909
Residual       : 0.0000000003
time cost (sec): 0.00139
dataSolve : data/1a-DFli-256.json
Error norm-1   : 0.0000004950
Error norm-2   : 0.0000005492
Error norm-inf : 0.0000007727
Residual       : 0.0000000003
time cost (sec): 0.001936
dataSolve : data/1a-DFli-32.json
Error norm-1   : 0.0000308246
Error norm-2   : 0.0000346949
Error norm-inf : 0.0000494147
Residual       : 0.0000000002
time cost (sec): 0.000587
dataSolve : data/1a-DFli-512.json
Error norm-1   : 0.0000001240
Error norm-2   : 0.0000001374
Error norm-inf : 0.0000001932
Residual       : 0.0000000003
time cost (sec): 0.00323
dataSolve : data/1a-DFli-64.json 
Error norm-1   : 0.0000078274
Error norm-2   : 0.0000087377
Error norm-inf : 0.0000123644
Residual       : 0.0000000002
time cost (sec): 0.000754
dataSolve : data/1a-DFqf-128.json 
Error norm-1   : 0.0000019722
Error norm-2   : 0.0000021927
Error norm-inf : 0.0000030909
Residual       : 0.0000000012
time cost (sec): 0.000768
dataSolve : data/1a-DFqf-256.json 
Error norm-1   : 0.0000004950
Error norm-2   : 0.0000005492
Error norm-inf : 0.0000007727
Residual       : 0.0000000006
time cost (sec): 0.001231
dataSolve : data/1a-DFqf-32.json 
Error norm-1   : 0.0000308246
Error norm-2   : 0.0000346949
Error norm-inf : 0.0000494147
Residual       : 0.0000000000
time cost (sec): 0.000418
dataSolve : data/1a-DFqf-512.json 
Error norm-1   : 0.0000001240
Error norm-2   : 0.0000001374
Error norm-inf : 0.0000001932
Residual       : 0.0000000003
time cost (sec): 0.001957
dataSolve : data/1a-DFqf-64.json 
Error norm-1   : 0.0000078274
Error norm-2   : 0.0000087377
Error norm-inf : 0.0000123644
Residual       : 0.0000000023
time cost (sec): 0.000475
dataSolve : data/1a-DFqi-128.json 
Error norm-1   : 0.0000019722
Error norm-2   : 0.0000021927
Error norm-inf : 0.0000030909
Residual       : 0.0000000002
time cost (sec): 0.00087
dataSolve : data/1a-DFqi-256.json 
Error norm-1   : 0.0000004950
Error norm-2   : 0.0000005492
Error norm-inf : 0.0000007727
Residual       : 0.0000000001
time cost (sec): 0.001363
dataSolve : data/1a-DFqi-32.json 
Error norm-1   : 0.0000308246
Error norm-2   : 0.0000346949
Error norm-inf : 0.0000494147
Residual       : 0.0000000009
time cost (sec): 0.000355
dataSolve : data/1a-DFqi-512.json 
Error norm-1   : 0.0000001240
Error norm-2   : 0.0000001374
Error norm-inf : 0.0000001932
Residual       : 0.0000000001
time cost (sec): 0.002115
dataSolve : data/1a-DFqi-64.json 
Error norm-1   : 0.0000078274
Error norm-2   : 0.0000087377
Error norm-inf : 0.0000123644
Residual       : 0.0000000004
time cost (sec): 0.000548
dataSolve : data/1a-DVlf-128.json 
Error norm-1   : 0.0000019724
Error norm-2   : 0.0000021929
Error norm-inf : 0.0000030910
Residual       : 0.0000001545
time cost (sec): 0.000684
dataSolve : data/1a-DVlf-256.json 
Error norm-1   : 0.0000004952
Error norm-2   : 0.0000005494
Error norm-inf : 0.0000007729
Residual       : 0.0000006177
time cost (sec): 0.001087
dataSolve : data/1a-DVlf-32.json 
Error norm-1   : 0.0000308247
Error norm-2   : 0.0000346950
Error norm-inf : 0.0000494148
Residual       : 0.0000000098
time cost (sec): 0.000319
dataSolve : data/1a-DVlf-512.json 
Error norm-1   : 0.0000001242
Error norm-2   : 0.0000001376
Error norm-inf : 0.0000001933
Residual       : 0.0000024704
time cost (sec): 0.001818
dataSolve : data/1a-DVlf-64.json 
Error norm-1   : 0.0000078276
Error norm-2   : 0.0000087379
Error norm-inf : 0.0000123646
Residual       : 0.0000000387
time cost (sec): 0.000435
dataSolve : data/1a-DVli-128.json 
Error norm-1   : 0.0000019722
Error norm-2   : 0.0000021927
Error norm-inf : 0.0000030909
Residual       : 0.0000000010
time cost (sec): 0.000551
dataSolve : data/1a-DVli-256.json 
Error norm-1   : 0.0000004950
Error norm-2   : 0.0000005492
Error norm-inf : 0.0000007727
Residual       : 0.0000000038
time cost (sec): 0.00091
dataSolve : data/1a-DVli-32.json 
Error norm-1   : 0.0000308246
Error norm-2   : 0.0000346949
Error norm-inf : 0.0000494147
Residual       : 0.0000000001
time cost (sec): 0.000247
dataSolve : data/1a-DVli-512.json 
Error norm-1   : 0.0000001240
Error norm-2   : 0.0000001374
Error norm-inf : 0.0000001932
Residual       : 0.0000000154
time cost (sec): 0.001472
dataSolve : data/1a-DVli-64.json 
Error norm-1   : 0.0000078274
Error norm-2   : 0.0000087377
Error norm-inf : 0.0000123644
Residual       : 0.0000000002
time cost (sec): 0.000347
dataSolve : data/1a-DVqf-128.json 
Error norm-1   : 0.0000019722
Error norm-2   : 0.0000021927
Error norm-inf : 0.0000030909
Residual       : 0.0000000102
time cost (sec): 0.000511
dataSolve : data/1a-DVqf-256.json 
Error norm-1   : 0.0000004950
Error norm-2   : 0.0000005492
Error norm-inf : 0.0000007727
Residual       : 0.0000000409
time cost (sec): 0.000839
dataSolve : data/1a-DVqf-32.json 
Error norm-1   : 0.0000308246
Error norm-2   : 0.0000346949
Error norm-inf : 0.0000494147
Residual       : 0.0000000006
time cost (sec): 0.000241
dataSolve : data/1a-DVqf-512.json 
Error norm-1   : 0.0000001240
Error norm-2   : 0.0000001374
Error norm-inf : 0.0000001932
Residual       : 0.0000001634
time cost (sec): 0.001458
dataSolve : data/1a-DVqf-64.json 
Error norm-1   : 0.0000078274
Error norm-2   : 0.0000087377
Error norm-inf : 0.0000123644
Residual       : 0.0000000025
time cost (sec): 0.000329
dataSolve : data/1a-DVqi-128.json 
Error norm-1   : 0.0000019722
Error norm-2   : 0.0000021927
Error norm-inf : 0.0000030909
Residual       : 0.0000000098
time cost (sec): 0.000609
dataSolve : data/1a-DVqi-256.json 
Error norm-1   : 0.0000004950
Error norm-2   : 0.0000005493
Error norm-inf : 0.0000007727
Residual       : 0.0000000389
time cost (sec): 0.000995
dataSolve : data/1a-DVqi-32.json 
Error norm-1   : 0.0000308246
Error norm-2   : 0.0000346949
Error norm-inf : 0.0000494147
Residual       : 0.0000000007
time cost (sec): 0.000297
dataSolve : data/1a-DVqi-512.json 
Error norm-1   : 0.0000001240
Error norm-2   : 0.0000001375
Error norm-inf : 0.0000001932
Residual       : 0.0000001552
time cost (sec): 0.001707
dataSolve : data/1a-DVqi-64.json 
Error norm-1   : 0.0000078275
Error norm-2   : 0.0000087377
Error norm-inf : 0.0000123644
Residual       : 0.0000000025
time cost (sec): 0.000466
dataSolve : data/1a-NFlf-128.json 
Error norm-1   : 0.0000101956
Error norm-2   : 0.0000118412
Error norm-inf : 0.0000253589
Residual       : 0.0002216500
time cost (sec): 0.002745
dataSolve : data/1a-NFlf-256.json 
Error norm-1   : 0.0000025316
Error norm-2   : 0.0000029403
Error norm-inf : 0.0000063359
Residual       : 0.0000691086
time cost (sec): 0.004092
dataSolve : data/1a-NFlf-32.json 
Error norm-1   : 0.0001696413
Error norm-2   : 0.0001970345
Error norm-inf : 0.0004069762
Residual       : 0.0022607274
time cost (sec): 0.001194
dataSolve : data/1a-NFlf-512.json 
Error norm-1   : 0.0000006308
Error norm-2   : 0.0000007326
Error norm-inf : 0.0000015835
Residual       : 0.0000215201
time cost (sec): 0.006593
dataSolve : data/1a-NFlf-64.json 
Error norm-1   : 0.0000413325
Error norm-2   : 0.0000480019
Error norm-inf : 0.0001015550
Residual       : 0.0007093342
time cost (sec): 0.001826
dataSolve : data/1a-NFli-128.json 
Error norm-1   : 0.0000101968
Error norm-2   : 0.0000118428
Error norm-inf : 0.0000253739
Residual       : 0.0002199249
time cost (sec): 0.002635
dataSolve : data/1a-NFli-256.json 
Error norm-1   : 0.0000025320
Error norm-2   : 0.0000029408
Error norm-inf : 0.0000063402
Residual       : 0.0000684035
time cost (sec): 0.004035
dataSolve : data/1a-NFli-32.json 
Error norm-1   : 0.0001696517
Error norm-2   : 0.0001970516
Error norm-inf : 0.0004071350
Residual       : 0.0022519626
time cost (sec): 0.001183
dataSolve : data/1a-NFli-512.json 
Error norm-1   : 0.0000006309
Error norm-2   : 0.0000007327
Error norm-inf : 0.0000015847
Residual       : 0.0000212438
time cost (sec): 0.00642
dataSolve : data/1a-NFli-64.json 
Error norm-1   : 0.0000413363
Error norm-2   : 0.0000480072
Error norm-inf : 0.0001016042
Residual       : 0.0007053281
time cost (sec): 0.001834
dataSolve : data/1a-NFqf-128.json 
Error norm-1   : 0.0000101964
Error norm-2   : 0.0000118423
Error norm-inf : 0.0000253694
Residual       : 0.0002203551
time cost (sec): 0.002606
dataSolve : data/1a-NFqf-256.json 
Error norm-1   : 0.0000025318
Error norm-2   : 0.0000029406
Error norm-inf : 0.0000063384
Residual       : 0.0000686278
time cost (sec): 0.004124
dataSolve : data/1a-NFqf-32.json 
Error norm-1   : 0.0001696532
Error norm-2   : 0.0001970546
Error norm-inf : 0.0004071638
Residual       : 0.0022530224
time cost (sec): 0.001148
dataSolve : data/1a-NFqf-512.json 
Error norm-1   : 0.0000006308
Error norm-2   : 0.0000007326
Error norm-inf : 0.0000015841
Residual       : 0.0000213475
time cost (sec): 0.006643
dataSolve : data/1a-NFqf-64.json 
Error norm-1   : 0.0000413356
Error norm-2   : 0.0000480065
Error norm-inf : 0.0001015997
Residual       : 0.0007060237
time cost (sec): 0.001799
dataSolve : data/1a-NFqi-128.json 
Error norm-1   : 0.0000101976
Error norm-2   : 0.0000118439
Error norm-inf : 0.0000253847
Residual       : 0.0002186273
time cost (sec): 0.002684
dataSolve : data/1a-NFqi-256.json 
Error norm-1   : 0.0000025322
Error norm-2   : 0.0000029410
Error norm-inf : 0.0000063428
Residual       : 0.0000679159
time cost (sec): 0.00409
dataSolve : data/1a-NFqi-32.json 
Error norm-1   : 0.0001696632
Error norm-2   : 0.0001970710
Error norm-inf : 0.0004073163
Residual       : 0.0022445040
time cost (sec): 0.001207
dataSolve : data/1a-NFqi-512.json 
Error norm-1   : 0.0000006309
Error norm-2   : 0.0000007328
Error norm-inf : 0.0000015854
Residual       : 0.0000210673
time cost (sec): 0.006444
dataSolve : data/1a-NFqi-64.json 
Error norm-1   : 0.0000413395
Error norm-2   : 0.0000480118
Error norm-inf : 0.0001016488
Residual       : 0.0007020647
time cost (sec): 0.001876
dataSolve : data/1a-NVlf-128.json 
Error norm-1   : 0.0000101971
Error norm-2   : 0.0000118435
Error norm-inf : 0.0000253832
Residual       : 0.0002169154
time cost (sec): 0.001101
dataSolve : data/1a-NVlf-256.json 
Error norm-1   : 0.0000025319
Error norm-2   : 0.0000029407
Error norm-inf : 0.0000063404
Residual       : 0.0000674917
time cost (sec): 0.001702
dataSolve : data/1a-NVlf-32.json 
Error norm-1   : 0.0001696765
Error norm-2   : 0.0001970965
Error norm-inf : 0.0004075685
Residual       : 0.0022269649
time cost (sec): 0.000566
dataSolve : data/1a-NVlf-512.json 
Error norm-1   : 0.0000006308
Error norm-2   : 0.0000007327
Error norm-inf : 0.0000015844
Residual       : 0.0000209848
time cost (sec): 0.002903
dataSolve : data/1a-NVlf-64.json 
Error norm-1   : 0.0000413404
Error norm-2   : 0.0000480141
Error norm-inf : 0.0001016798
Residual       : 0.0006961417
time cost (sec): 0.000758
dataSolve : data/1a-NVli-128.json 
Error norm-1   : 0.0000101987
Error norm-2   : 0.0000118456
Error norm-inf : 0.0000254030
Residual       : 0.0002147863
time cost (sec): 0.001078
dataSolve : data/1a-NVli-256.json 
Error norm-1   : 0.0000025323
Error norm-2   : 0.0000029413
Error norm-inf : 0.0000063458
Residual       : 0.0000666270
time cost (sec): 0.001725
dataSolve : data/1a-NVli-32.json 
Error norm-1   : 0.0001696915
Error norm-2   : 0.0001971205
Error norm-inf : 0.0004077789
Residual       : 0.0022171611
time cost (sec): 0.000542
dataSolve : data/1a-NVli-512.json 
Error norm-1   : 0.0000006309
Error norm-2   : 0.0000007328
Error norm-inf : 0.0000015858
Residual       : 0.0000206511
time cost (sec): 0.002911
dataSolve : data/1a-NVli-64.json 
Error norm-1   : 0.0000413456
Error norm-2   : 0.0000480215
Error norm-inf : 0.0001017478
Residual       : 0.0006912827
time cost (sec): 0.000752
dataSolve : data/1a-NVqf-128.json 
Error norm-1   : 0.0000101978
Error norm-2   : 0.0000118444
Error norm-inf : 0.0000253915
Residual       : 0.0002160785
time cost (sec): 0.001067
dataSolve : data/1a-NVqf-256.json 
Error norm-1   : 0.0000025321
Error norm-2   : 0.0000029409
Error norm-inf : 0.0000063425
Residual       : 0.0000671715
time cost (sec): 0.001896
dataSolve : data/1a-NVqf-32.json 
Error norm-1   : 0.0001696854
Error norm-2   : 0.0001971110
Error norm-inf : 0.0004076999
Residual       : 0.0022224276
time cost (sec): 0.000578
dataSolve : data/1a-NVqf-512.json 
Error norm-1   : 0.0000006308
Error norm-2   : 0.0000007327
Error norm-inf : 0.0000015849
Residual       : 0.0000208667
time cost (sec): 0.003093
dataSolve : data/1a-NVqf-64.json 
Error norm-1   : 0.0000413429
Error norm-2   : 0.0000480176
Error norm-inf : 0.0001017131
Residual       : 0.0006940778
time cost (sec): 0.000809
dataSolve : data/1a-NVqi-128.json 
Error norm-1   : 0.0000101994
Error norm-2   : 0.0000118465
Error norm-inf : 0.0000254116
Residual       : 0.0002139092
time cost (sec): 0.001128
dataSolve : data/1a-NVqi-256.json 
Error norm-1   : 0.0000025325
Error norm-2   : 0.0000029415
Error norm-inf : 0.0000063480
Residual       : 0.0000662909
time cost (sec): 0.001773
dataSolve : data/1a-NVqi-32.json 
Error norm-1   : 0.0001697005
Error norm-2   : 0.0001971354
Error norm-inf : 0.0004079132
Residual       : 0.0022124613
time cost (sec): 0.000556
dataSolve : data/1a-NVqi-512.json 
Error norm-1   : 0.0000006310
Error norm-2   : 0.0000007329
Error norm-inf : 0.0000015863
Residual       : 0.0000205271
time cost (sec): 0.002995
dataSolve : data/1a-NVqi-64.json 
Error norm-1   : 0.0000413482
Error norm-2   : 0.0000480252
Error norm-inf : 0.0001017821
Residual       : 0.0006891288
time cost (sec): 0.000792
dataSolve : data/1a-mFlf-128.json 
Error norm-1   : 0.0000075774
Error norm-2   : 0.0000083289
Error norm-inf : 0.0000112146
Residual       : 0.0000000028
time cost (sec): 0.00095
dataSolve : data/1a-mFlf-256.json 
Error norm-1   : 0.0000019189
Error norm-2   : 0.0000021084
Error norm-inf : 0.0000028481
Residual       : 0.0000000025
time cost (sec): 0.001446
dataSolve : data/1a-mFlf-32.json 
Error norm-1   : 0.0001116270
Error norm-2   : 0.0001229457
Error norm-inf : 0.0001626516
Residual       : 0.0000000002
time cost (sec): 0.000494
dataSolve : data/1a-mFlf-512.json 
Error norm-1   : 0.0000004828
Error norm-2   : 0.0000005304
Error norm-inf : 0.0000007176
Residual       : 0.0000000024
time cost (sec): 0.00242
dataSolve : data/1a-mFlf-64.json 
Error norm-1   : 0.0000295181
Error norm-2   : 0.0000324689
Error norm-inf : 0.0000434475
Residual       : 0.0000000035
time cost (sec): 0.000669
dataSolve : data/1a-mFli-128.json 
Error norm-1   : 0.0000075774
Error norm-2   : 0.0000083289
Error norm-inf : 0.0000112145
Residual       : 0.0000000019
time cost (sec): 0.000936
dataSolve : data/1a-mFli-256.json 
Error norm-1   : 0.0000019189
Error norm-2   : 0.0000021084
Error norm-inf : 0.0000028481
Residual       : 0.0000000017
time cost (sec): 0.001417
dataSolve : data/1a-mFli-32.json 
Error norm-1   : 0.0001116270
Error norm-2   : 0.0001229457
Error norm-inf : 0.0001626516
Residual       : 0.0000000001
time cost (sec): 0.000501
dataSolve : data/1a-mFli-512.json 
Error norm-1   : 0.0000004828
Error norm-2   : 0.0000005304
Error norm-inf : 0.0000007176
Residual       : 0.0000000016
time cost (sec): 0.00231
dataSolve : data/1a-mFli-64.json 
Error norm-1   : 0.0000295180
Error norm-2   : 0.0000324688
Error norm-inf : 0.0000434474
Residual       : 0.0000000025
time cost (sec): 0.000633
dataSolve : data/1a-mFqf-128.json 
Error norm-1   : 0.0000075775
Error norm-2   : 0.0000083290
Error norm-inf : 0.0000112147
Residual       : 0.0000000050
time cost (sec): 0.000834
dataSolve : data/1a-mFqf-256.json 
Error norm-1   : 0.0000019189
Error norm-2   : 0.0000021084
Error norm-inf : 0.0000028480
Residual       : 0.0000000015
time cost (sec): 0.001252
dataSolve : data/1a-mFqf-32.json 
Error norm-1   : 0.0001116272
Error norm-2   : 0.0001229459
Error norm-inf : 0.0001626519
Residual       : 0.0000000019
time cost (sec): 0.000405
dataSolve : data/1a-mFqf-512.json 
Error norm-1   : 0.0000004828
Error norm-2   : 0.0000005303
Error norm-inf : 0.0000007176
Residual       : 0.0000000005
time cost (sec): 0.00203
dataSolve : data/1a-mFqf-64.json 
Error norm-1   : 0.0000295179
Error norm-2   : 0.0000324687
Error norm-inf : 0.0000434471
Residual       : 0.0000000005
time cost (sec): 0.000625
dataSolve : data/1a-mFqi-128.json 
Error norm-1   : 0.0000075775
Error norm-2   : 0.0000083290
Error norm-inf : 0.0000112148
Residual       : 0.0000000050
time cost (sec): 0.000804
dataSolve : data/1a-mFqi-256.json 
Error norm-1   : 0.0000019189
Error norm-2   : 0.0000021084
Error norm-inf : 0.0000028481
Residual       : 0.0000000015
time cost (sec): 0.00123
dataSolve : data/1a-mFqi-32.json 
Error norm-1   : 0.0001116272
Error norm-2   : 0.0001229460
Error norm-inf : 0.0001626520
Residual       : 0.0000000020
time cost (sec): 0.000414
dataSolve : data/1a-mFqi-512.json 
Error norm-1   : 0.0000004828
Error norm-2   : 0.0000005303
Error norm-inf : 0.0000007176
Residual       : 0.0000000004
time cost (sec): 0.001999
dataSolve : data/1a-mFqi-64.json 
Error norm-1   : 0.0000295179
Error norm-2   : 0.0000324687
Error norm-inf : 0.0000434471
Residual       : 0.0000000005
time cost (sec): 0.000652
dataSolve : data/1a-mVlf-128.json 
Error norm-1   : 0.0000075749
Error norm-2   : 0.0000083261
Error norm-inf : 0.0000112103
Residual       : 0.0000000298
time cost (sec): 0.000915
dataSolve : data/1a-mVlf-256.json 
Error norm-1   : 0.0000019178
Error norm-2   : 0.0000021072
Error norm-inf : 0.0000028462
Residual       : 0.0000000175
time cost (sec): 0.00145
dataSolve : data/1a-mVlf-32.json 
Error norm-1   : 0.0001116244
Error norm-2   : 0.0001229427
Error norm-inf : 0.0001626472
Residual       : 0.0000000177
time cost (sec): 0.00044
dataSolve : data/1a-mVlf-512.json 
Error norm-1   : 0.0000004812
Error norm-2   : 0.0000005286
Error norm-inf : 0.0000007149
Residual       : 0.0000000371
time cost (sec): 0.002483
dataSolve : data/1a-mVlf-64.json 
Error norm-1   : 0.0000295165
Error norm-2   : 0.0000324671
Error norm-inf : 0.0000434448
Residual       : 0.0000000125
time cost (sec): 0.00062
dataSolve : data/1a-mVli-128.json 
Error norm-1   : 0.0000075758
Error norm-2   : 0.0000083271
Error norm-inf : 0.0000112118
Residual       : 0.0000000180
time cost (sec): 0.000885
dataSolve : data/1a-mVli-256.json 
Error norm-1   : 0.0000019164
Error norm-2   : 0.0000021056
Error norm-inf : 0.0000028439
Residual       : 0.0000000388
time cost (sec): 0.001413
dataSolve : data/1a-mVli-32.json 
Error norm-1   : 0.0001116251
Error norm-2   : 0.0001229436
Error norm-inf : 0.0001626484
Residual       : 0.0000000126
time cost (sec): 0.000441
dataSolve : data/1a-mVli-512.json 
Error norm-1   : 0.0000004818
Error norm-2   : 0.0000005293
Error norm-inf : 0.0000007160
Residual       : 0.0000000204
time cost (sec): 0.002536
dataSolve : data/1a-mVli-64.json 
Error norm-1   : 0.0000295170
Error norm-2   : 0.0000324676
Error norm-inf : 0.0000434456
Residual       : 0.0000000078
time cost (sec): 0.000634
dataSolve : data/1a-mVqf-128.json 
Error norm-1   : 0.0000075746
Error norm-2   : 0.0000083257
Error norm-inf : 0.0000112098
Residual       : 0.0000000317
time cost (sec): 0.00087
dataSolve : data/1a-mVqf-256.json 
Error norm-1   : 0.0000019178
Error norm-2   : 0.0000021072
Error norm-inf : 0.0000028463
Residual       : 0.0000000158
time cost (sec): 0.001413
dataSolve : data/1a-mVqf-32.json 
Error norm-1   : 0.0001116261
Error norm-2   : 0.0001229447
Error norm-inf : 0.0001626502
Residual       : 0.0000000057
time cost (sec): 0.000431
dataSolve : data/1a-mVqf-512.json 
Error norm-1   : 0.0000004812
Error norm-2   : 0.0000005286
Error norm-inf : 0.0000007150
Residual       : 0.0000000316
time cost (sec): 0.002453
dataSolve : data/1a-mVqf-64.json 
Error norm-1   : 0.0000295162
Error norm-2   : 0.0000324668
Error norm-inf : 0.0000434444
Residual       : 0.0000000144
time cost (sec): 0.000584
dataSolve : data/1a-mVqi-128.json 
Error norm-1   : 0.0000075758
Error norm-2   : 0.0000083270
Error norm-inf : 0.0000112118
Residual       : 0.0000000169
time cost (sec): 0.000836
dataSolve : data/1a-mVqi-256.json 
Error norm-1   : 0.0000019165
Error norm-2   : 0.0000021057
Error norm-inf : 0.0000028440
Residual       : 0.0000000337
time cost (sec): 0.001408
dataSolve : data/1a-mVqi-32.json 
Error norm-1   : 0.0001116246
Error norm-2   : 0.0001229430
Error norm-inf : 0.0001626476
Residual       : 0.0000000159
time cost (sec): 0.000421
dataSolve : data/1a-mVqi-512.json 
Error norm-1   : 0.0000004820
Error norm-2   : 0.0000005295
Error norm-inf : 0.0000007162
Residual       : 0.0000000147
time cost (sec): 0.002415
dataSolve : data/1a-mVqi-64.json 
Error norm-1   : 0.0000295169
Error norm-2   : 0.0000324676
Error norm-inf : 0.0000434455
Residual       : 0.0000000081
time cost (sec): 0.000592
dataSolve : data/1b-DFlf-128.json 
Error norm-1   : 0.0000005141
Error norm-2   : 0.0000005734
Error norm-inf : 0.0000008944
Residual       : 0.0000000000
time cost (sec): 0.000772
dataSolve : data/1b-DFlf-256.json 
Error norm-1   : 0.0000001291
Error norm-2   : 0.0000001436
Error norm-inf : 0.0000002236
Residual       : 0.0000000000
time cost (sec): 0.0012
dataSolve : data/1b-DFlf-32.json 
Error norm-1   : 0.0000080329
Error norm-2   : 0.0000090753
Error norm-inf : 0.0000143062
Residual       : 0.0000000000
time cost (sec): 0.000432
dataSolve : data/1b-DFlf-512.json 
Error norm-1   : 0.0000000323
Error norm-2   : 0.0000000359
Error norm-inf : 0.0000000559
Residual       : 0.0000000000
time cost (sec): 0.001978
dataSolve : data/1b-DFlf-64.json 
Error norm-1   : 0.0000020396
Error norm-2   : 0.0000022852
Error norm-inf : 0.0000035772
Residual       : 0.0000000000
time cost (sec): 0.000632
dataSolve : data/1b-DFli-128.json 
Error norm-1   : 0.0000005141
Error norm-2   : 0.0000005734
Error norm-inf : 0.0000008944
Residual       : 0.0000000000
time cost (sec): 0.001052
dataSolve : data/1b-DFli-256.json 
Error norm-1   : 0.0000001291
Error norm-2   : 0.0000001436
Error norm-inf : 0.0000002236
Residual       : 0.0000000000
time cost (sec): 0.001566
dataSolve : data/1b-DFli-32.json 
Error norm-1   : 0.0000080329
Error norm-2   : 0.0000090753
Error norm-inf : 0.0000143062
Residual       : 0.0000000000
time cost (sec): 0.000459
dataSolve : data/1b-DFli-512.json 
Error norm-1   : 0.0000000323
Error norm-2   : 0.0000000359
Error norm-inf : 0.0000000559
Residual       : 0.0000000000
time cost (sec): 0.002548
dataSolve : data/1b-DFli-64.json 
Error norm-1   : 0.0000020396
Error norm-2   : 0.0000022852
Error norm-inf : 0.0000035772
Residual       : 0.0000000000
time cost (sec): 0.000677
dataSolve : data/1b-DFqf-128.json 
Error norm-1   : 0.0000005141
Error norm-2   : 0.0000005734
Error norm-inf : 0.0000008944
Residual       : 0.0000000000
time cost (sec): 0.000669
dataSolve : data/1b-DFqf-256.json 
Error norm-1   : 0.0000001291
Error norm-2   : 0.0000001436
Error norm-inf : 0.0000002236
Residual       : 0.0000000000
time cost (sec): 0.001076
dataSolve : data/1b-DFqf-32.json 
Error norm-1   : 0.0000080329
Error norm-2   : 0.0000090753
Error norm-inf : 0.0000143062
Residual       : 0.0000000000
time cost (sec): 0.000292
dataSolve : data/1b-DFqf-512.json 
Error norm-1   : 0.0000000323
Error norm-2   : 0.0000000359
Error norm-inf : 0.0000000559
Residual       : 0.0000000001
time cost (sec): 0.00152
dataSolve : data/1b-DFqf-64.json 
Error norm-1   : 0.0000020396
Error norm-2   : 0.0000022852
Error norm-inf : 0.0000035772
Residual       : 0.0000000000
time cost (sec): 0.000456
dataSolve : data/1b-DFqi-128.json 
Error norm-1   : 0.0000005141
Error norm-2   : 0.0000005734
Error norm-inf : 0.0000008944
Residual       : 0.0000000000
time cost (sec): 0.000785
dataSolve : data/1b-DFqi-256.json 
Error norm-1   : 0.0000001291
Error norm-2   : 0.0000001436
Error norm-inf : 0.0000002236
Residual       : 0.0000000000
time cost (sec): 0.001238
dataSolve : data/1b-DFqi-32.json 
Error norm-1   : 0.0000080329
Error norm-2   : 0.0000090753
Error norm-inf : 0.0000143062
Residual       : 0.0000000000
time cost (sec): 0.000372
dataSolve : data/1b-DFqi-512.json 
Error norm-1   : 0.0000000323
Error norm-2   : 0.0000000359
Error norm-inf : 0.0000000559
Residual       : 0.0000000000
time cost (sec): 0.001737
dataSolve : data/1b-DFqi-64.json 
Error norm-1   : 0.0000020396
Error norm-2   : 0.0000022852
Error norm-inf : 0.0000035772
Residual       : 0.0000000000
time cost (sec): 0.000521
dataSolve : data/1b-DVlf-128.json 
Error norm-1   : 0.0000005141
Error norm-2   : 0.0000005734
Error norm-inf : 0.0000008944
Residual       : 0.0000000000
time cost (sec): 0.000694
dataSolve : data/1b-DVlf-256.json 
Error norm-1   : 0.0000001291
Error norm-2   : 0.0000001436
Error norm-inf : 0.0000002236
Residual       : 0.0000000000
time cost (sec): 0.001132
dataSolve : data/1b-DVlf-32.json 
Error norm-1   : 0.0000080329
Error norm-2   : 0.0000090753
Error norm-inf : 0.0000143062
Residual       : 0.0000000000
time cost (sec): 0.000349
dataSolve : data/1b-DVlf-512.json 
Error norm-1   : 0.0000000323
Error norm-2   : 0.0000000359
Error norm-inf : 0.0000000559
Residual       : 0.0000000000
time cost (sec): 0.001952
dataSolve : data/1b-DVlf-64.json 
Error norm-1   : 0.0000020396
Error norm-2   : 0.0000022852
Error norm-inf : 0.0000035772
Residual       : 0.0000000000
time cost (sec): 0.000477
dataSolve : data/1b-DVli-128.json 
Error norm-1   : 0.0000005141
Error norm-2   : 0.0000005734
Error norm-inf : 0.0000008944
Residual       : 0.0000000000
time cost (sec): 0.000533
dataSolve : data/1b-DVli-256.json 
Error norm-1   : 0.0000001291
Error norm-2   : 0.0000001436
Error norm-inf : 0.0000002236
Residual       : 0.0000000000
time cost (sec): 0.000847
dataSolve : data/1b-DVli-32.json 
Error norm-1   : 0.0000080329
Error norm-2   : 0.0000090753
Error norm-inf : 0.0000143062
Residual       : 0.0000000000
time cost (sec): 0.000298
dataSolve : data/1b-DVli-512.json 
Error norm-1   : 0.0000000323
Error norm-2   : 0.0000000359
Error norm-inf : 0.0000000559
Residual       : 0.0000000000
time cost (sec): 0.001575
dataSolve : data/1b-DVli-64.json 
Error norm-1   : 0.0000020396
Error norm-2   : 0.0000022852
Error norm-inf : 0.0000035772
Residual       : 0.0000000000
time cost (sec): 0.00037
dataSolve : data/1b-DVqf-128.json 
Error norm-1   : 0.0000005141
Error norm-2   : 0.0000005734
Error norm-inf : 0.0000008944
Residual       : 0.0000000000
time cost (sec): 0.000569
dataSolve : data/1b-DVqf-256.json 
Error norm-1   : 0.0000001291
Error norm-2   : 0.0000001436
Error norm-inf : 0.0000002236
Residual       : 0.0000000001
time cost (sec): 0.000844
dataSolve : data/1b-DVqf-32.json 
Error norm-1   : 0.0000080329
Error norm-2   : 0.0000090753
Error norm-inf : 0.0000143062
Residual       : 0.0000000000
time cost (sec): 0.000257
dataSolve : data/1b-DVqf-512.json 
Error norm-1   : 0.0000000323
Error norm-2   : 0.0000000359
Error norm-inf : 0.0000000559
Residual       : 0.0000000003
time cost (sec): 0.001565
dataSolve : data/1b-DVqf-64.json 
Error norm-1   : 0.0000020396
Error norm-2   : 0.0000022852
Error norm-inf : 0.0000035772
Residual       : 0.0000000000
time cost (sec): 0.000377
dataSolve : data/1b-DVqi-128.json 
Error norm-1   : 0.0000005141
Error norm-2   : 0.0000005734
Error norm-inf : 0.0000008944
Residual       : 0.0000000000
time cost (sec): 0.000685
dataSolve : data/1b-DVqi-256.json 
Error norm-1   : 0.0000001291
Error norm-2   : 0.0000001436
Error norm-inf : 0.0000002236
Residual       : 0.0000000000
time cost (sec): 0.001088
dataSolve : data/1b-DVqi-32.json 
Error norm-1   : 0.0000080329
Error norm-2   : 0.0000090753
Error norm-inf : 0.0000143062
Residual       : 0.0000000000
time cost (sec): 0.000337
dataSolve : data/1b-DVqi-512.json 
Error norm-1   : 0.0000000323
Error norm-2   : 0.0000000359
Error norm-inf : 0.0000000559
Residual       : 0.0000000001
time cost (sec): 0.001905
dataSolve : data/1b-DVqi-64.json 
Error norm-1   : 0.0000020396
Error norm-2   : 0.0000022852
Error norm-inf : 0.0000035772
Residual       : 0.0000000000
time cost (sec): 0.000497
dataSolve : data/1b-NFlf-128.json 
Error norm-1   : 0.0000007556
Error norm-2   : 0.0000010581
Error norm-inf : 0.0000034352
Residual       : 0.0000525338
time cost (sec): 0.002673
dataSolve : data/1b-NFlf-256.json 
Error norm-1   : 0.0000001883
Error norm-2   : 0.0000002511
Error norm-inf : 0.0000008147
Residual       : 0.0000167181
time cost (sec): 0.004153
dataSolve : data/1b-NFlf-32.json 
Error norm-1   : 0.0000207806
Error norm-2   : 0.0000259784
Error norm-inf : 0.0000721022
Residual       : 0.0004698864
time cost (sec): 0.001175
dataSolve : data/1b-NFlf-512.json 
Error norm-1   : 0.0000000474
Error norm-2   : 0.0000000615
Error norm-inf : 0.0000001982
Residual       : 0.0000052587
time cost (sec): 0.006267
dataSolve : data/1b-NFlf-64.json 
Error norm-1   : 0.0000036481
Error norm-2   : 0.0000048332
Error norm-inf : 0.0000151598
Residual       : 0.0001611932
time cost (sec): 0.001881
dataSolve : data/1b-NFli-128.json 
Error norm-1   : 0.0000007573
Error norm-2   : 0.0000010597
Error norm-inf : 0.0000034387
Residual       : 0.0000521249
time cost (sec): 0.002796
dataSolve : data/1b-NFli-256.json 
Error norm-1   : 0.0000001888
Error norm-2   : 0.0000002516
Error norm-inf : 0.0000008158
Residual       : 0.0000165476
time cost (sec): 0.00404
dataSolve : data/1b-NFli-32.json 
Error norm-1   : 0.0000207882
Error norm-2   : 0.0000259876
Error norm-inf : 0.0000721352
Residual       : 0.0004680647
time cost (sec): 0.001181
dataSolve : data/1b-NFli-512.json 
Error norm-1   : 0.0000000475
Error norm-2   : 0.0000000616
Error norm-inf : 0.0000001985
Residual       : 0.0000051912
time cost (sec): 0.006445
dataSolve : data/1b-NFli-64.json 
Error norm-1   : 0.0000036509
Error norm-2   : 0.0000048376
Error norm-inf : 0.0000151710
Residual       : 0.0001602828
time cost (sec): 0.001804
dataSolve : data/1b-NFqf-128.json 
Error norm-1   : 0.0000007567
Error norm-2   : 0.0000010592
Error norm-inf : 0.0000034377
Residual       : 0.0000522269
time cost (sec): 0.002697
dataSolve : data/1b-NFqf-256.json 
Error norm-1   : 0.0000001886
Error norm-2   : 0.0000002514
Error norm-inf : 0.0000008153
Residual       : 0.0000166018
time cost (sec): 0.004058
dataSolve : data/1b-NFqf-32.json 
Error norm-1   : 0.0000207894
Error norm-2   : 0.0000259892
Error norm-inf : 0.0000721412
Residual       : 0.0004682849
time cost (sec): 0.001224
dataSolve : data/1b-NFqf-512.json 
Error norm-1   : 0.0000000474
Error norm-2   : 0.0000000616
Error norm-inf : 0.0000001984
Residual       : 0.0000052166
time cost (sec): 0.006496
dataSolve : data/1b-NFqf-64.json 
Error norm-1   : 0.0000036505
Error norm-2   : 0.0000048370
Error norm-inf : 0.0000151700
Residual       : 0.0001604409
time cost (sec): 0.001763
dataSolve : data/1b-NFqi-128.json 
Error norm-1   : 0.0000007585
Error norm-2   : 0.0000010609
Error norm-inf : 0.0000034413
Residual       : 0.0000518174
time cost (sec): 0.002626
dataSolve : data/1b-NFqi-256.json 
Error norm-1   : 0.0000001891
Error norm-2   : 0.0000002519
Error norm-inf : 0.0000008164
Residual       : 0.0000164296
time cost (sec): 0.003999
dataSolve : data/1b-NFqi-32.json 
Error norm-1   : 0.0000207967
Error norm-2   : 0.0000259980
Error norm-inf : 0.0000721729
Residual       : 0.0004665144
time cost (sec): 0.001201
dataSolve : data/1b-NFqi-512.json 
Error norm-1   : 0.0000000476
Error norm-2   : 0.0000000617
Error norm-inf : 0.0000001987
Residual       : 0.0000051481
time cost (sec): 0.006369
dataSolve : data/1b-NFqi-64.json 
Error norm-1   : 0.0000036533
Error norm-2   : 0.0000048415
Error norm-inf : 0.0000151811
Residual       : 0.0001595412
time cost (sec): 0.001761
dataSolve : data/1b-NVlf-128.json 
Error norm-1   : 0.0000007579
Error norm-2   : 0.0000010604
Error norm-inf : 0.0000034409
Residual       : 0.0000514116
time cost (sec): 0.001137
dataSolve : data/1b-NVlf-256.json 
Error norm-1   : 0.0000001888
Error norm-2   : 0.0000002515
Error norm-inf : 0.0000008158
Residual       : 0.0000163270
time cost (sec): 0.001761
dataSolve : data/1b-NVlf-32.json 
Error norm-1   : 0.0000208073
Error norm-2   : 0.0000260115
Error norm-inf : 0.0000722253
Residual       : 0.0004628690
time cost (sec): 0.000615
dataSolve : data/1b-NVlf-512.json 
Error norm-1   : 0.0000000474
Error norm-2   : 0.0000000616
Error norm-inf : 0.0000001984
Residual       : 0.0000051279
time cost (sec): 0.002952
dataSolve : data/1b-NVlf-64.json 
Error norm-1   : 0.0000036543
Error norm-2   : 0.0000048432
Error norm-inf : 0.0000151882
Residual       : 0.0001581952
time cost (sec): 0.000783
dataSolve : data/1b-NVli-128.json 
Error norm-1   : 0.0000007602
Error norm-2   : 0.0000010625
Error norm-inf : 0.0000034456
Residual       : 0.0000509070
time cost (sec): 0.001142
dataSolve : data/1b-NVli-256.json 
Error norm-1   : 0.0000001894
Error norm-2   : 0.0000002522
Error norm-inf : 0.0000008171
Residual       : 0.0000161178
time cost (sec): 0.001691
dataSolve : data/1b-NVli-32.json 
Error norm-1   : 0.0000208183
Error norm-2   : 0.0000260244
Error norm-inf : 0.0000722690
Residual       : 0.0004608313
time cost (sec): 0.000542
dataSolve : data/1b-NVli-512.json 
Error norm-1   : 0.0000000476
Error norm-2   : 0.0000000617
Error norm-inf : 0.0000001988
Residual       : 0.0000050464
time cost (sec): 0.002972
dataSolve : data/1b-NVli-64.json 
Error norm-1   : 0.0000036582
Error norm-2   : 0.0000048494
Error norm-inf : 0.0000152036
Residual       : 0.0001570910
time cost (sec): 0.000776
dataSolve : data/1b-NVqf-128.json 
Error norm-1   : 0.0000007589
Error norm-2   : 0.0000010613
Error norm-inf : 0.0000034429
Residual       : 0.0000512133
time cost (sec): 0.001098
dataSolve : data/1b-NVqf-256.json 
Error norm-1   : 0.0000001890
Error norm-2   : 0.0000002518
Error norm-inf : 0.0000008163
Residual       : 0.0000162495
time cost (sec): 0.001689
dataSolve : data/1b-NVqf-32.json 
Error norm-1   : 0.0000208138
Error norm-2   : 0.0000260193
Error norm-inf : 0.0000722526
Residual       : 0.0004619259
time cost (sec): 0.000539
dataSolve : data/1b-NVqf-512.json 
Error norm-1   : 0.0000000475
Error norm-2   : 0.0000000616
Error norm-inf : 0.0000001985
Residual       : 0.0000050991
time cost (sec): 0.002889
dataSolve : data/1b-NVqf-64.json 
Error norm-1   : 0.0000036561
Error norm-2   : 0.0000048462
Error norm-inf : 0.0000151957
Residual       : 0.0001577262
time cost (sec): 0.000778
dataSolve : data/1b-NVqi-128.json 
Error norm-1   : 0.0000007612
Error norm-2   : 0.0000010635
Error norm-inf : 0.0000034477
Residual       : 0.0000506991
time cost (sec): 0.001146
dataSolve : data/1b-NVqi-256.json 
Error norm-1   : 0.0000001897
Error norm-2   : 0.0000002524
Error norm-inf : 0.0000008177
Residual       : 0.0000160365
time cost (sec): 0.0017
dataSolve : data/1b-NVqi-32.json 
Error norm-1   : 0.0000208249
Error norm-2   : 0.0000260324
Error norm-inf : 0.0000722970
Residual       : 0.0004598544
time cost (sec): 0.000553
dataSolve : data/1b-NVqi-512.json 
Error norm-1   : 0.0000000477
Error norm-2   : 0.0000000618
Error norm-inf : 0.0000001989
Residual       : 0.0000050161
time cost (sec): 0.003
dataSolve : data/1b-NVqi-64.json 
Error norm-1   : 0.0000036601
Error norm-2   : 0.0000048525
Error norm-inf : 0.0000152114
Residual       : 0.0001566016
time cost (sec): 0.000815
dataSolve : data/1b-mFlf-128.json 
Error norm-1   : 0.0000043711
Error norm-2   : 0.0000053142
Error norm-inf : 0.0000087592
Residual       : 0.0000000000
time cost (sec): 0.00125
dataSolve : data/1b-mFlf-256.json 
Error norm-1   : 0.0000011822
Error norm-2   : 0.0000014305
Error norm-inf : 0.0000023654
Residual       : 0.0000000000
time cost (sec): 0.002024
dataSolve : data/1b-mFlf-32.json 
Error norm-1   : 0.0000357078
Error norm-2   : 0.0000458784
Error norm-inf : 0.0000757517
Residual       : 0.0000000000
time cost (sec): 0.000584
dataSolve : data/1b-mFlf-512.json 
Error norm-1   : 0.0000003067
Error norm-2   : 0.0000003703
Error norm-inf : 0.0000006135
Residual       : 0.0000000000
time cost (sec): 0.003107
dataSolve : data/1b-mFlf-64.json 
Error norm-1   : 0.0000146259
Error norm-2   : 0.0000179914
Error norm-inf : 0.0000295233
Residual       : 0.0000000000
time cost (sec): 0.000869
dataSolve : data/1b-mFli-128.json 
Error norm-1   : 0.0000043711
Error norm-2   : 0.0000053142
Error norm-inf : 0.0000087592
Residual       : 0.0000000000
time cost (sec): 0.001273
dataSolve : data/1b-mFli-256.json 
Error norm-1   : 0.0000011822
Error norm-2   : 0.0000014305
Error norm-inf : 0.0000023654
Residual       : 0.0000000000
time cost (sec): 0.00191
dataSolve : data/1b-mFli-32.json 
Error norm-1   : 0.0000357078
Error norm-2   : 0.0000458784
Error norm-inf : 0.0000757517
Residual       : 0.0000000000
time cost (sec): 0.000567
dataSolve : data/1b-mFli-512.json 
Error norm-1   : 0.0000003067
Error norm-2   : 0.0000003703
Error norm-inf : 0.0000006135
Residual       : 0.0000000000
time cost (sec): 0.003207
dataSolve : data/1b-mFli-64.json 
Error norm-1   : 0.0000146259
Error norm-2   : 0.0000179914
Error norm-inf : 0.0000295233
Residual       : 0.0000000000
time cost (sec): 0.000841
dataSolve : data/1b-mFqf-128.json 
Error norm-1   : 0.0000043711
Error norm-2   : 0.0000053142
Error norm-inf : 0.0000087592
Residual       : 0.0000000000
time cost (sec): 0.001128
dataSolve : data/1b-mFqf-256.json 
Error norm-1   : 0.0000011822
Error norm-2   : 0.0000014305
Error norm-inf : 0.0000023654
Residual       : 0.0000000000
time cost (sec): 0.001735
dataSolve : data/1b-mFqf-32.json 
Error norm-1   : 0.0000357078
Error norm-2   : 0.0000458784
Error norm-inf : 0.0000757517
Residual       : 0.0000000000
time cost (sec): 0.000562
dataSolve : data/1b-mFqf-512.json 
Error norm-1   : 0.0000003067
Error norm-2   : 0.0000003703
Error norm-inf : 0.0000006135
Residual       : 0.0000000000
time cost (sec): 0.00258
dataSolve : data/1b-mFqf-64.json 
Error norm-1   : 0.0000146259
Error norm-2   : 0.0000179914
Error norm-inf : 0.0000295233
Residual       : 0.0000000000
time cost (sec): 0.000835
dataSolve : data/1b-mFqi-128.json 
Error norm-1   : 0.0000043711
Error norm-2   : 0.0000053142
Error norm-inf : 0.0000087592
Residual       : 0.0000000000
time cost (sec): 0.001195
dataSolve : data/1b-mFqi-256.json 
Error norm-1   : 0.0000011822
Error norm-2   : 0.0000014305
Error norm-inf : 0.0000023654
Residual       : 0.0000000000
time cost (sec): 0.001766
dataSolve : data/1b-mFqi-32.json 
Error norm-1   : 0.0000357078
Error norm-2   : 0.0000458784
Error norm-inf : 0.0000757517
Residual       : 0.0000000000
time cost (sec): 0.000556
dataSolve : data/1b-mFqi-512.json 
Error norm-1   : 0.0000003067
Error norm-2   : 0.0000003703
Error norm-inf : 0.0000006135
Residual       : 0.0000000000
time cost (sec): 0.002748
dataSolve : data/1b-mFqi-64.json 
Error norm-1   : 0.0000146259
Error norm-2   : 0.0000179914
Error norm-inf : 0.0000295233
Residual       : 0.0000000000
time cost (sec): 0.000943
dataSolve : data/1b-mVlf-128.json 
Error norm-1   : 0.0000043711
Error norm-2   : 0.0000053142
Error norm-inf : 0.0000087592
Residual       : 0.0000000000
time cost (sec): 0.001161
dataSolve : data/1b-mVlf-256.json 
Error norm-1   : 0.0000011822
Error norm-2   : 0.0000014305
Error norm-inf : 0.0000023654
Residual       : 0.0000000000
time cost (sec): 0.001696
dataSolve : data/1b-mVlf-32.json 
Error norm-1   : 0.0000357078
Error norm-2   : 0.0000458784
Error norm-inf : 0.0000757517
Residual       : 0.0000000000
time cost (sec): 0.000586
dataSolve : data/1b-mVlf-512.json 
Error norm-1   : 0.0000003067
Error norm-2   : 0.0000003703
Error norm-inf : 0.0000006135
Residual       : 0.0000000000
time cost (sec): 0.003049
dataSolve : data/1b-mVlf-64.json 
Error norm-1   : 0.0000146259
Error norm-2   : 0.0000179914
Error norm-inf : 0.0000295233
Residual       : 0.0000000000
time cost (sec): 0.000786
dataSolve : data/1b-mVli-128.json 
Error norm-1   : 0.0000043711
Error norm-2   : 0.0000053142
Error norm-inf : 0.0000087592
Residual       : 0.0000000000
time cost (sec): 0.001062
dataSolve : data/1b-mVli-256.json 
Error norm-1   : 0.0000011822
Error norm-2   : 0.0000014305
Error norm-inf : 0.0000023654
Residual       : 0.0000000000
time cost (sec): 0.001614
dataSolve : data/1b-mVli-32.json 
Error norm-1   : 0.0000357078
Error norm-2   : 0.0000458784
Error norm-inf : 0.0000757517
Residual       : 0.0000000000
time cost (sec): 0.000532
dataSolve : data/1b-mVli-512.json 
Error norm-1   : 0.0000003067
Error norm-2   : 0.0000003703
Error norm-inf : 0.0000006135
Residual       : 0.0000000000
time cost (sec): 0.002802
dataSolve : data/1b-mVli-64.json 
Error norm-1   : 0.0000146259
Error norm-2   : 0.0000179914
Error norm-inf : 0.0000295233
Residual       : 0.0000000000
time cost (sec): 0.000736
dataSolve : data/1b-mVqf-128.json 
Error norm-1   : 0.0000043711
Error norm-2   : 0.0000053142
Error norm-inf : 0.0000087592
Residual       : 0.0000000000
time cost (sec): 0.0011
dataSolve : data/1b-mVqf-256.json 
Error norm-1   : 0.0000011822
Error norm-2   : 0.0000014305
Error norm-inf : 0.0000023654
Residual       : 0.0000000000
time cost (sec): 0.001612
dataSolve : data/1b-mVqf-32.json 
Error norm-1   : 0.0000357078
Error norm-2   : 0.0000458784
Error norm-inf : 0.0000757517
Residual       : 0.0000000000
time cost (sec): 0.000545
dataSolve : data/1b-mVqf-512.json 
Error norm-1   : 0.0000003067
Error norm-2   : 0.0000003703
Error norm-inf : 0.0000006135
Residual       : 0.0000000000
time cost (sec): 0.002755
dataSolve : data/1b-mVqf-64.json 
Error norm-1   : 0.0000146259
Error norm-2   : 0.0000179914
Error norm-inf : 0.0000295233
Residual       : 0.0000000000
time cost (sec): 0.000723
dataSolve : data/1b-mVqi-128.json 
Error norm-1   : 0.0000043711
Error norm-2   : 0.0000053142
Error norm-inf : 0.0000087592
Residual       : 0.0000000000
time cost (sec): 0.000991
dataSolve : data/1b-mVqi-256.json 
Error norm-1   : 0.0000011822
Error norm-2   : 0.0000014305
Error norm-inf : 0.0000023654
Residual       : 0.0000000000
time cost (sec): 0.001544
dataSolve : data/1b-mVqi-32.json 
Error norm-1   : 0.0000357078
Error norm-2   : 0.0000458784
Error norm-inf : 0.0000757517
Residual       : 0.0000000000
time cost (sec): 0.000568
dataSolve : data/1b-mVqi-512.json 
Error norm-1   : 0.0000003067
Error norm-2   : 0.0000003703
Error norm-inf : 0.0000006135
Residual       : 0.0000000000
time cost (sec): 0.002808
dataSolve : data/1b-mVqi-64.json 
Error norm-1   : 0.0000146259
Error norm-2   : 0.0000179914
Error norm-inf : 0.0000295233
Residual       : 0.0000000000
time cost (sec): 0.000713
dataSolve : data/1c-DFlf-128.json 
Error norm-1   : 0.0000016424
Error norm-2   : 0.0000018521
Error norm-inf : 0.0000026776
Residual       : 0.0000000000
time cost (sec): 0.000784
dataSolve : data/1c-DFlf-256.json 
Error norm-1   : 0.0000004122
Error norm-2   : 0.0000004639
Error norm-inf : 0.0000006694
Residual       : 0.0000000000
time cost (sec): 0.001218
dataSolve : data/1c-DFlf-32.json 
Error norm-1   : 0.0000256638
Error norm-2   : 0.0000293010
Error norm-inf : 0.0000428136
Residual       : 0.0000000000
time cost (sec): 0.000408
dataSolve : data/1c-DFlf-512.json 
Error norm-1   : 0.0000001033
Error norm-2   : 0.0000001161
Error norm-inf : 0.0000001674
Residual       : 0.0000000000
time cost (sec): 0.00199
dataSolve : data/1c-DFlf-64.json 
Error norm-1   : 0.0000065182
Error norm-2   : 0.0000073803
Error norm-inf : 0.0000107108
Residual       : 0.0000000000
time cost (sec): 0.000634
dataSolve : data/1c-DFli-128.json 
Error norm-1   : 0.0000016424
Error norm-2   : 0.0000018521
Error norm-inf : 0.0000026776
Residual       : 0.0000000000
time cost (sec): 0.001014
dataSolve : data/1c-DFli-256.json 
Error norm-1   : 0.0000004122
Error norm-2   : 0.0000004639
Error norm-inf : 0.0000006694
Residual       : 0.0000000000
time cost (sec): 0.001553
dataSolve : data/1c-DFli-32.json 
Error norm-1   : 0.0000256638
Error norm-2   : 0.0000293010
Error norm-inf : 0.0000428136
Residual       : 0.0000000000
time cost (sec): 0.000447
dataSolve : data/1c-DFli-512.json 
Error norm-1   : 0.0000001033
Error norm-2   : 0.0000001161
Error norm-inf : 0.0000001674
Residual       : 0.0000000000
time cost (sec): 0.002549
dataSolve : data/1c-DFli-64.json 
Error norm-1   : 0.0000065182
Error norm-2   : 0.0000073803
Error norm-inf : 0.0000107108
Residual       : 0.0000000000
time cost (sec): 0.000671
dataSolve : data/1c-DFqf-128.json 
Error norm-1   : 0.0000016424
Error norm-2   : 0.0000018521
Error norm-inf : 0.0000026776
Residual       : 0.0000000000
time cost (sec): 0.000654
dataSolve : data/1c-DFqf-256.json 
Error norm-1   : 0.0000004122
Error norm-2   : 0.0000004639
Error norm-inf : 0.0000006694
Residual       : 0.0000000000
time cost (sec): 0.001043
dataSolve : data/1c-DFqf-32.json 
Error norm-1   : 0.0000256638
Error norm-2   : 0.0000293010
Error norm-inf : 0.0000428136
Residual       : 0.0000000000
time cost (sec): 0.000373
dataSolve : data/1c-DFqf-512.json 
Error norm-1   : 0.0000001033
Error norm-2   : 0.0000001161
Error norm-inf : 0.0000001674
Residual       : 0.0000000000
time cost (sec): 0.001694
dataSolve : data/1c-DFqf-64.json 
Error norm-1   : 0.0000065182
Error norm-2   : 0.0000073803
Error norm-inf : 0.0000107108
Residual       : 0.0000000000
time cost (sec): 0.000472
dataSolve : data/1c-DFqi-128.json 
Error norm-1   : 0.0000016424
Error norm-2   : 0.0000018521
Error norm-inf : 0.0000026776
Residual       : 0.0000000000
time cost (sec): 0.000806
dataSolve : data/1c-DFqi-256.json 
Error norm-1   : 0.0000004122
Error norm-2   : 0.0000004639
Error norm-inf : 0.0000006694
Residual       : 0.0000000000
time cost (sec): 0.001243
dataSolve : data/1c-DFqi-32.json 
Error norm-1   : 0.0000256638
Error norm-2   : 0.0000293010
Error norm-inf : 0.0000428136
Residual       : 0.0000000000
time cost (sec): 0.000425
dataSolve : data/1c-DFqi-512.json 
Error norm-1   : 0.0000001033
Error norm-2   : 0.0000001161
Error norm-inf : 0.0000001674
Residual       : 0.0000000000
time cost (sec): 0.00169
dataSolve : data/1c-DFqi-64.json 
Error norm-1   : 0.0000065182
Error norm-2   : 0.0000073803
Error norm-inf : 0.0000107108
Residual       : 0.0000000000
time cost (sec): 0.000513
dataSolve : data/1c-DVlf-128.json 
Error norm-1   : 0.0000016424
Error norm-2   : 0.0000018521
Error norm-inf : 0.0000026776
Residual       : 0.0000000000
time cost (sec): 0.000674
dataSolve : data/1c-DVlf-256.json 
Error norm-1   : 0.0000004122
Error norm-2   : 0.0000004639
Error norm-inf : 0.0000006694
Residual       : 0.0000000000
time cost (sec): 0.001067
dataSolve : data/1c-DVlf-32.json 
Error norm-1   : 0.0000256638
Error norm-2   : 0.0000293010
Error norm-inf : 0.0000428136
Residual       : 0.0000000000
time cost (sec): 0.000348
dataSolve : data/1c-DVlf-512.json 
Error norm-1   : 0.0000001033
Error norm-2   : 0.0000001161
Error norm-inf : 0.0000001674
Residual       : 0.0000000000
time cost (sec): 0.00189
dataSolve : data/1c-DVlf-64.json 
Error norm-1   : 0.0000065182
Error norm-2   : 0.0000073803
Error norm-inf : 0.0000107108
Residual       : 0.0000000000
time cost (sec): 0.000485
dataSolve : data/1c-DVli-128.json 
Error norm-1   : 0.0000016424
Error norm-2   : 0.0000018521
Error norm-inf : 0.0000026776
Residual       : 0.0000000000
time cost (sec): 0.000522
dataSolve : data/1c-DVli-256.json 
Error norm-1   : 0.0000004122
Error norm-2   : 0.0000004639
Error norm-inf : 0.0000006694
Residual       : 0.0000000000
time cost (sec): 0.000837
dataSolve : data/1c-DVli-32.json 
Error norm-1   : 0.0000256638
Error norm-2   : 0.0000293010
Error norm-inf : 0.0000428136
Residual       : 0.0000000000
time cost (sec): 0.000259
dataSolve : data/1c-DVli-512.json 
Error norm-1   : 0.0000001033
Error norm-2   : 0.0000001161
Error norm-inf : 0.0000001674
Residual       : 0.0000000000
time cost (sec): 0.001498
dataSolve : data/1c-DVli-64.json 
Error norm-1   : 0.0000065182
Error norm-2   : 0.0000073803
Error norm-inf : 0.0000107108
Residual       : 0.0000000000
time cost (sec): 0.00035
dataSolve : data/1c-DVqf-128.json 
Error norm-1   : 0.0000016424
Error norm-2   : 0.0000018521
Error norm-inf : 0.0000026776
Residual       : 0.0000000000
time cost (sec): 0.000518
dataSolve : data/1c-DVqf-256.json 
Error norm-1   : 0.0000004122
Error norm-2   : 0.0000004639
Error norm-inf : 0.0000006694
Residual       : 0.0000000001
time cost (sec): 0.00086
dataSolve : data/1c-DVqf-32.json 
Error norm-1   : 0.0000256638
Error norm-2   : 0.0000293010
Error norm-inf : 0.0000428136
Residual       : 0.0000000000
time cost (sec): 0.000256
dataSolve : data/1c-DVqf-512.json 
Error norm-1   : 0.0000001033
Error norm-2   : 0.0000001161
Error norm-inf : 0.0000001674
Residual       : 0.0000000003
time cost (sec): 0.001457
dataSolve : data/1c-DVqf-64.json 
Error norm-1   : 0.0000065182
Error norm-2   : 0.0000073803
Error norm-inf : 0.0000107108
Residual       : 0.0000000000
time cost (sec): 0.000351
dataSolve : data/1c-DVqi-128.json 
Error norm-1   : 0.0000016424
Error norm-2   : 0.0000018521
Error norm-inf : 0.0000026776
Residual       : 0.0000000000
time cost (sec): 0.000669
dataSolve : data/1c-DVqi-256.json 
Error norm-1   : 0.0000004122
Error norm-2   : 0.0000004639
Error norm-inf : 0.0000006694
Residual       : 0.0000000000
time cost (sec): 0.001135
dataSolve : data/1c-DVqi-32.json 
Error norm-1   : 0.0000256638
Error norm-2   : 0.0000293010
Error norm-inf : 0.0000428136
Residual       : 0.0000000000
time cost (sec): 0.00037
dataSolve : data/1c-DVqi-512.json 
Error norm-1   : 0.0000001033
Error norm-2   : 0.0000001161
Error norm-inf : 0.0000001674
Residual       : 0.0000000001
time cost (sec): 0.001933
dataSolve : data/1c-DVqi-64.json 
Error norm-1   : 0.0000065182
Error norm-2   : 0.0000073803
Error norm-inf : 0.0000107108
Residual       : 0.0000000000
time cost (sec): 0.000488
dataSolve : data/1c-NFlf-128.json 
Error norm-1   : 0.0000080203
Error norm-2   : 0.0000093932
Error norm-inf : 0.0000210926
Residual       : 0.0001982641
time cost (sec): 0.002637
dataSolve : data/1c-NFlf-256.json 
Error norm-1   : 0.0000019762
Error norm-2   : 0.0000023148
Error norm-inf : 0.0000052437
Residual       : 0.0000619284
time cost (sec): 0.00411
dataSolve : data/1c-NFlf-32.json 
Error norm-1   : 0.0001395217
Error norm-2   : 0.0001632496
Error norm-inf : 0.0003486321
Residual       : 0.0020011503
time cost (sec): 0.001204
dataSolve : data/1c-NFlf-512.json 
Error norm-1   : 0.0000004905
Error norm-2   : 0.0000005745
Error norm-inf : 0.0000013073
Residual       : 0.0000193017
time cost (sec): 0.006319
dataSolve : data/1c-NFlf-64.json 
Error norm-1   : 0.0000330149
Error norm-2   : 0.0000386494
Error norm-inf : 0.0000853112
Residual       : 0.0006322442
time cost (sec): 0.001731
dataSolve : data/1c-NFli-128.json 
Error norm-1   : 0.0000080217
Error norm-2   : 0.0000093949
Error norm-inf : 0.0000211060
Residual       : 0.0001967209
time cost (sec): 0.002638
dataSolve : data/1c-NFli-256.json 
Error norm-1   : 0.0000019766
Error norm-2   : 0.0000023153
Error norm-inf : 0.0000052476
Residual       : 0.0000612965
time cost (sec): 0.004154
dataSolve : data/1c-NFli-32.json 
Error norm-1   : 0.0001395367
Error norm-2   : 0.0001632664
Error norm-inf : 0.0003487727
Residual       : 0.0019933919
time cost (sec): 0.001189
dataSolve : data/1c-NFli-512.json 
Error norm-1   : 0.0000004906
Error norm-2   : 0.0000005747
Error norm-inf : 0.0000013084
Residual       : 0.0000190539
time cost (sec): 0.00643
dataSolve : data/1c-NFli-64.json 
Error norm-1   : 0.0000330192
Error norm-2   : 0.0000386548
Error norm-inf : 0.0000853550
Residual       : 0.0006286735
time cost (sec): 0.001881
dataSolve : data/1c-NFqf-128.json 
Error norm-1   : 0.0000080212
Error norm-2   : 0.0000093943
Error norm-inf : 0.0000211020
Residual       : 0.0001971058
time cost (sec): 0.003252
dataSolve : data/1c-NFqf-256.json 
Error norm-1   : 0.0000019764
Error norm-2   : 0.0000023150
Error norm-inf : 0.0000052460
Residual       : 0.0000614975
time cost (sec): 0.004312
dataSolve : data/1c-NFqf-32.json 
Error norm-1   : 0.0001395390
Error norm-2   : 0.0001632693
Error norm-inf : 0.0003487982
Residual       : 0.0019943300
time cost (sec): 0.001278
dataSolve : data/1c-NFqf-512.json 
Error norm-1   : 0.0000004905
Error norm-2   : 0.0000005746
Error norm-inf : 0.0000013078
Residual       : 0.0000191469
time cost (sec): 0.006798
dataSolve : data/1c-NFqf-64.json 
Error norm-1   : 0.0000330185
Error norm-2   : 0.0000386541
Error norm-inf : 0.0000853510
Residual       : 0.0006292935
time cost (sec): 0.001964
dataSolve : data/1c-NFqi-128.json 
Error norm-1   : 0.0000080226
Error norm-2   : 0.0000093960
Error norm-inf : 0.0000211157
Residual       : 0.0001955602
time cost (sec): 0.002864
dataSolve : data/1c-NFqi-256.json 
Error norm-1   : 0.0000019768
Error norm-2   : 0.0000023155
Error norm-inf : 0.0000052500
Residual       : 0.0000608596
time cost (sec): 0.004307
dataSolve : data/1c-NFqi-32.json 
Error norm-1   : 0.0001395534
Error norm-2   : 0.0001632853
Error norm-inf : 0.0003489331
Residual       : 0.0019867897
time cost (sec): 0.001298
dataSolve : data/1c-NFqi-512.json 
Error norm-1   : 0.0000004906
Error norm-2   : 0.0000005747
Error norm-inf : 0.0000013090
Residual       : 0.0000188956
time cost (sec): 0.006818
dataSolve : data/1c-NFqi-64.json 
Error norm-1   : 0.0000330228
Error norm-2   : 0.0000386596
Error norm-inf : 0.0000853948
Residual       : 0.0006257648
time cost (sec): 0.001905
dataSolve : data/1c-NVlf-128.json 
Error norm-1   : 0.0000080221
Error norm-2   : 0.0000093955
Error norm-inf : 0.0000211143
Residual       : 0.0001940290
time cost (sec): 0.001136
dataSolve : data/1c-NVlf-256.json 
Error norm-1   : 0.0000019765
Error norm-2   : 0.0000023152
Error norm-inf : 0.0000052478
Residual       : 0.0000604794
time cost (sec): 0.001776
dataSolve : data/1c-NVlf-32.json 
Error norm-1   : 0.0001395729
Error norm-2   : 0.0001633103
Error norm-inf : 0.0003491564
Residual       : 0.0019712645
time cost (sec): 0.000591
dataSolve : data/1c-NVlf-512.json 
Error norm-1   : 0.0000004905
Error norm-2   : 0.0000005746
Error norm-inf : 0.0000013080
Residual       : 0.0000188216
time cost (sec): 0.003027
dataSolve : data/1c-NVlf-64.json 
Error norm-1   : 0.0000330238
Error norm-2   : 0.0000386619
Error norm-inf : 0.0000854224
Residual       : 0.0006204855
time cost (sec): 0.000808
dataSolve : data/1c-NVli-128.json 
Error norm-1   : 0.0000080238
Error norm-2   : 0.0000093977
Error norm-inf : 0.0000211321
Residual       : 0.0001921245
time cost (sec): 0.001112
dataSolve : data/1c-NVli-256.json 
Error norm-1   : 0.0000019770
Error norm-2   : 0.0000023158
Error norm-inf : 0.0000052526
Residual       : 0.0000597047
time cost (sec): 0.001742
dataSolve : data/1c-NVli-32.json 
Error norm-1   : 0.0001395946
Error norm-2   : 0.0001633339
Error norm-inf : 0.0003493426
Residual       : 0.0019625863
time cost (sec): 0.000619
dataSolve : data/1c-NVli-512.json 
Error norm-1   : 0.0000004906
Error norm-2   : 0.0000005748
Error norm-inf : 0.0000013093
Residual       : 0.0000185223
time cost (sec): 0.00293
dataSolve : data/1c-NVli-64.json 
Error norm-1   : 0.0000330298
Error norm-2   : 0.0000386695
Error norm-inf : 0.0000854830
Residual       : 0.0006161545
time cost (sec): 0.000812
dataSolve : data/1c-NVqf-128.json 
Error norm-1   : 0.0000080228
Error norm-2   : 0.0000093965
Error norm-inf : 0.0000211218
Residual       : 0.0001932803
time cost (sec): 0.001135
dataSolve : data/1c-NVqf-256.json 
Error norm-1   : 0.0000019767
Error norm-2   : 0.0000023154
Error norm-inf : 0.0000052497
Residual       : 0.0000601925
time cost (sec): 0.001702
dataSolve : data/1c-NVqf-32.json 
Error norm-1   : 0.0001395857
Error norm-2   : 0.0001633245
Error norm-inf : 0.0003492727
Residual       : 0.0019672481
time cost (sec): 0.000549
dataSolve : data/1c-NVqf-512.json 
Error norm-1   : 0.0000004906
Error norm-2   : 0.0000005747
Error norm-inf : 0.0000013085
Residual       : 0.0000187156
time cost (sec): 0.002908
dataSolve : data/1c-NVqf-64.json 
Error norm-1   : 0.0000330267
Error norm-2   : 0.0000386655
Error norm-inf : 0.0000854521
Residual       : 0.0006186458
time cost (sec): 0.000755
dataSolve : data/1c-NVqi-128.json 
Error norm-1   : 0.0000080246
Error norm-2   : 0.0000093987
Error norm-inf : 0.0000211398
Residual       : 0.0001913400
time cost (sec): 0.001079
dataSolve : data/1c-NVqi-256.json 
Error norm-1   : 0.0000019772
Error norm-2   : 0.0000023160
Error norm-inf : 0.0000052546
Residual       : 0.0000594035
time cost (sec): 0.001775
dataSolve : data/1c-NVqi-32.json 
Error norm-1   : 0.0001396076
Error norm-2   : 0.0001633485
Error norm-inf : 0.0003494615
Residual       : 0.0019584262
time cost (sec): 0.000605
dataSolve : data/1c-NVqi-512.json 
Error norm-1   : 0.0000004907
Error norm-2   : 0.0000005748
Error norm-inf : 0.0000013098
Residual       : 0.0000184111
time cost (sec): 0.002893
dataSolve : data/1c-NVqi-64.json 
Error norm-1   : 0.0000330328
Error norm-2   : 0.0000386733
Error norm-inf : 0.0000855136
Residual       : 0.0006142347
time cost (sec): 0.000786
dataSolve : data/1c-mFlf-128.json 
Error norm-1   : 0.0000083685
Error norm-2   : 0.0000094044
Error norm-inf : 0.0000134635
Residual       : 0.0000000000
time cost (sec): 0.001254
dataSolve : data/1c-mFlf-256.json 
Error norm-1   : 0.0000021533
Error norm-2   : 0.0000024195
Error norm-inf : 0.0000034829
Residual       : 0.0000000000
time cost (sec): 0.001891
dataSolve : data/1c-mFlf-32.json 
Error norm-1   : 0.0001104250
Error norm-2   : 0.0001241029
Error norm-inf : 0.0001723894
Residual       : 0.0000000000
time cost (sec): 0.000562
dataSolve : data/1c-mFlf-512.json 
Error norm-1   : 0.0000005460
Error norm-2   : 0.0000006134
Error norm-inf : 0.0000008855
Residual       : 0.0000000000
time cost (sec): 0.003226
dataSolve : data/1c-mFlf-64.json 
Error norm-1   : 0.0000315168
Error norm-2   : 0.0000354249
Error norm-inf : 0.0000501761
Residual       : 0.0000000000
time cost (sec): 0.000852
dataSolve : data/1c-mFli-128.json 
Error norm-1   : 0.0000083685
Error norm-2   : 0.0000094044
Error norm-inf : 0.0000134635
Residual       : 0.0000000000
time cost (sec): 0.001267
dataSolve : data/1c-mFli-256.json 
Error norm-1   : 0.0000021533
Error norm-2   : 0.0000024195
Error norm-inf : 0.0000034829
Residual       : 0.0000000000
time cost (sec): 0.001985
dataSolve : data/1c-mFli-32.json 
Error norm-1   : 0.0001104250
Error norm-2   : 0.0001241029
Error norm-inf : 0.0001723894
Residual       : 0.0000000000
time cost (sec): 0.000583
dataSolve : data/1c-mFli-512.json 
Error norm-1   : 0.0000005460
Error norm-2   : 0.0000006134
Error norm-inf : 0.0000008855
Residual       : 0.0000000000
time cost (sec): 0.003193
dataSolve : data/1c-mFli-64.json 
Error norm-1   : 0.0000315168
Error norm-2   : 0.0000354249
Error norm-inf : 0.0000501761
Residual       : 0.0000000000
time cost (sec): 0.000878
dataSolve : data/1c-mFqf-128.json 
Error norm-1   : 0.0000083685
Error norm-2   : 0.0000094044
Error norm-inf : 0.0000134635
Residual       : 0.0000000000
time cost (sec): 0.001161
dataSolve : data/1c-mFqf-256.json 
Error norm-1   : 0.0000021533
Error norm-2   : 0.0000024195
Error norm-inf : 0.0000034829
Residual       : 0.0000000000
time cost (sec): 0.001841
dataSolve : data/1c-mFqf-32.json 
Error norm-1   : 0.0001104250
Error norm-2   : 0.0001241029
Error norm-inf : 0.0001723894
Residual       : 0.0000000000
time cost (sec): 0.000621
dataSolve : data/1c-mFqf-512.json 
Error norm-1   : 0.0000005460
Error norm-2   : 0.0000006134
Error norm-inf : 0.0000008855
Residual       : 0.0000000000
time cost (sec): 0.002674
dataSolve : data/1c-mFqf-64.json 
Error norm-1   : 0.0000315168
Error norm-2   : 0.0000354249
Error norm-inf : 0.0000501761
Residual       : 0.0000000000
time cost (sec): 0.000891
dataSolve : data/1c-mFqi-128.json 
Error norm-1   : 0.0000083685
Error norm-2   : 0.0000094044
Error norm-inf : 0.0000134635
Residual       : 0.0000000000
time cost (sec): 0.001192
dataSolve : data/1c-mFqi-256.json 
Error norm-1   : 0.0000021533
Error norm-2   : 0.0000024195
Error norm-inf : 0.0000034829
Residual       : 0.0000000000
time cost (sec): 0.001651
dataSolve : data/1c-mFqi-32.json 
Error norm-1   : 0.0001104250
Error norm-2   : 0.0001241029
Error norm-inf : 0.0001723894
Residual       : 0.0000000000
time cost (sec): 0.000606
dataSolve : data/1c-mFqi-512.json 
Error norm-1   : 0.0000005460
Error norm-2   : 0.0000006134
Error norm-inf : 0.0000008855
Residual       : 0.0000000000
time cost (sec): 0.002625
dataSolve : data/1c-mFqi-64.json 
Error norm-1   : 0.0000315168
Error norm-2   : 0.0000354249
Error norm-inf : 0.0000501761
Residual       : 0.0000000000
time cost (sec): 0.000815
dataSolve : data/1c-mVlf-128.json 
Error norm-1   : 0.0000083685
Error norm-2   : 0.0000094044
Error norm-inf : 0.0000134635
Residual       : 0.0000000000
time cost (sec): 0.001136
dataSolve : data/1c-mVlf-256.json 
Error norm-1   : 0.0000021533
Error norm-2   : 0.0000024195
Error norm-inf : 0.0000034829
Residual       : 0.0000000000
time cost (sec): 0.001758
dataSolve : data/1c-mVlf-32.json 
Error norm-1   : 0.0001104250
Error norm-2   : 0.0001241029
Error norm-inf : 0.0001723894
Residual       : 0.0000000000
time cost (sec): 0.000543
dataSolve : data/1c-mVlf-512.json 
Error norm-1   : 0.0000005460
Error norm-2   : 0.0000006134
Error norm-inf : 0.0000008855
Residual       : 0.0000000000
time cost (sec): 0.002974
dataSolve : data/1c-mVlf-64.json 
Error norm-1   : 0.0000315168
Error norm-2   : 0.0000354249
Error norm-inf : 0.0000501761
Residual       : 0.0000000000
time cost (sec): 0.000843
dataSolve : data/1c-mVli-128.json 
Error norm-1   : 0.0000083685
Error norm-2   : 0.0000094044
Error norm-inf : 0.0000134635
Residual       : 0.0000000000
time cost (sec): 0.001112
dataSolve : data/1c-mVli-256.json 
Error norm-1   : 0.0000021533
Error norm-2   : 0.0000024195
Error norm-inf : 0.0000034829
Residual       : 0.0000000000
time cost (sec): 0.00181
dataSolve : data/1c-mVli-32.json 
Error norm-1   : 0.0001104250
Error norm-2   : 0.0001241029
Error norm-inf : 0.0001723894
Residual       : 0.0000000000
time cost (sec): 0.000541
dataSolve : data/1c-mVli-512.json 
Error norm-1   : 0.0000005460
Error norm-2   : 0.0000006134
Error norm-inf : 0.0000008855
Residual       : 0.0000000000
time cost (sec): 0.002861
dataSolve : data/1c-mVli-64.json 
Error norm-1   : 0.0000315168
Error norm-2   : 0.0000354249
Error norm-inf : 0.0000501761
Residual       : 0.0000000000
time cost (sec): 0.000819
dataSolve : data/1c-mVqf-128.json 
Error norm-1   : 0.0000083685
Error norm-2   : 0.0000094044
Error norm-inf : 0.0000134635
Residual       : 0.0000000000
time cost (sec): 0.001107
dataSolve : data/1c-mVqf-256.json 
Error norm-1   : 0.0000021533
Error norm-2   : 0.0000024195
Error norm-inf : 0.0000034829
Residual       : 0.0000000000
time cost (sec): 0.001709
dataSolve : data/1c-mVqf-32.json 
Error norm-1   : 0.0001104250
Error norm-2   : 0.0001241029
Error norm-inf : 0.0001723894
Residual       : 0.0000000000
time cost (sec): 0.000596
dataSolve : data/1c-mVqf-512.json 
Error norm-1   : 0.0000005460
Error norm-2   : 0.0000006134
Error norm-inf : 0.0000008855
Residual       : 0.0000000000
time cost (sec): 0.002977
dataSolve : data/1c-mVqf-64.json 
Error norm-1   : 0.0000315168
Error norm-2   : 0.0000354249
Error norm-inf : 0.0000501761
Residual       : 0.0000000000
time cost (sec): 0.000836
dataSolve : data/1c-mVqi-128.json 
Error norm-1   : 0.0000083685
Error norm-2   : 0.0000094044
Error norm-inf : 0.0000134635
Residual       : 0.0000000000
time cost (sec): 0.001113
dataSolve : data/1c-mVqi-256.json 
Error norm-1   : 0.0000021533
Error norm-2   : 0.0000024195
Error norm-inf : 0.0000034829
Residual       : 0.0000000000
time cost (sec): 0.001642
dataSolve : data/1c-mVqi-32.json 
Error norm-1   : 0.0001104250
Error norm-2   : 0.0001241029
Error norm-inf : 0.0001723894
Residual       : 0.0000000000
time cost (sec): 0.000549
dataSolve : data/1c-mVqi-512.json 
Error norm-1   : 0.0000005460
Error norm-2   : 0.0000006134
Error norm-inf : 0.0000008855
Residual       : 0.0000000000
time cost (sec): 0.002752
dataSolve : data/1c-mVqi-64.json 
Error norm-1   : 0.0000315168
Error norm-2   : 0.0000354249
Error norm-inf : 0.0000501761
Residual       : 0.0000000000
time cost (sec): 0.000823
dataSolve : data/2-DFlf-128.json 
Error norm-1   : 0.0000008983
Error norm-2   : 0.0000011078
Error norm-inf : 0.0000021565
Residual       : 0.0000000001
time cost (sec): 0.049986
dataSolve : data/2-DFlf-256.json 
Error norm-1   : 0.0000002263
Error norm-2   : 0.0000002780
Error norm-inf : 0.0000005391
Residual       : 0.0000000048
time cost (sec): 0.242692
dataSolve : data/2-DFlf-32.json 
Error norm-1   : 0.0000137453
Error norm-2   : 0.0000173458
Error norm-inf : 0.0000344502
Residual       : 0.0000000001
time cost (sec): 0.003647
dataSolve : data/2-DFlf-512.json 
Error norm-1   : 0.0000000568
Error norm-2   : 0.0000000696
Error norm-inf : 0.0000001348
Residual       : 0.0000000050
time cost (sec): 1.123507
dataSolve : data/2-DFlf-64.json 
Error norm-1   : 0.0000035391
Error norm-2   : 0.0000043983
Error norm-inf : 0.0000086241
Residual       : 0.0000000001
time cost (sec): 0.013849
dataSolve : data/2-DFli-128.json 
Error norm-1   : 0.0000008983
Error norm-2   : 0.0000011078
Error norm-inf : 0.0000021565
Residual       : 0.0000000000
time cost (sec): 0.060306
dataSolve : data/2-DFli-256.json 
Error norm-1   : 0.0000002263
Error norm-2   : 0.0000002780
Error norm-inf : 0.0000005391
Residual       : 0.0000000000
time cost (sec): 0.284409
dataSolve : data/2-DFli-32.json 
Error norm-1   : 0.0000137453
Error norm-2   : 0.0000173458
Error norm-inf : 0.0000344502
Residual       : 0.0000000000
time cost (sec): 0.004193
dataSolve : data/2-DFli-512.json 
Error norm-1   : 0.0000000568
Error norm-2   : 0.0000000696
Error norm-inf : 0.0000001348
Residual       : 0.0000000000
time cost (sec): 0.989857
dataSolve : data/2-DFli-64.json 
Error norm-1   : 0.0000035391
Error norm-2   : 0.0000043983
Error norm-inf : 0.0000086241
Residual       : 0.0000000000
time cost (sec): 0.011781
dataSolve : data/2-DFqf-128.json 
Error norm-1   : 0.0000008983
Error norm-2   : 0.0000011078
Error norm-inf : 0.0000021565
Residual       : 0.0000000008
time cost (sec): 0.049762
dataSolve : data/2-DFqf-256.json 
Error norm-1   : 0.0000002263
Error norm-2   : 0.0000002780
Error norm-inf : 0.0000005391
Residual       : 0.0000000016
time cost (sec): 0.265065
dataSolve : data/2-DFqf-32.json 
Error norm-1   : 0.0000137453
Error norm-2   : 0.0000173458
Error norm-inf : 0.0000344502
Residual       : 0.0000000000
time cost (sec): 0.004186
dataSolve : data/2-DFqf-512.json 
Error norm-1   : 0.0000000568
Error norm-2   : 0.0000000696
Error norm-inf : 0.0000001348
Residual       : 0.0000000033
time cost (sec): 1.098786
dataSolve : data/2-DFqf-64.json 
Error norm-1   : 0.0000035391
Error norm-2   : 0.0000043983
Error norm-inf : 0.0000086241
Residual       : 0.0000000004
time cost (sec): 0.013129
dataSolve : data/2-DFqi-128.json 
Error norm-1   : 0.0000008983
Error norm-2   : 0.0000011078
Error norm-inf : 0.0000021565
Residual       : 0.0000000007
time cost (sec): 0.053909
dataSolve : data/2-DFqi-256.json 
Error norm-1   : 0.0000002263
Error norm-2   : 0.0000002780
Error norm-inf : 0.0000005391
Residual       : 0.0000000015
time cost (sec): 0.235423
dataSolve : data/2-DFqi-32.json 
Error norm-1   : 0.0000137453
Error norm-2   : 0.0000173458
Error norm-inf : 0.0000344502
Residual       : 0.0000000000
time cost (sec): 0.004086
dataSolve : data/2-DFqi-512.json 
Error norm-1   : 0.0000000568
Error norm-2   : 0.0000000696
Error norm-inf : 0.0000001348
Residual       : 0.0000000031
time cost (sec): 1.088352
dataSolve : data/2-DFqi-64.json 
Error norm-1   : 0.0000035391
Error norm-2   : 0.0000043983
Error norm-inf : 0.0000086241
Residual       : 0.0000000000
time cost (sec): 0.012643
dataSolve : data/2-DVlf-128.json 
Error norm-1   : 0.0000008983
Error norm-2   : 0.0000011078
Error norm-inf : 0.0000021565
Residual       : 0.0000000000
time cost (sec): 0.057579
dataSolve : data/2-DVlf-256.json 
Error norm-1   : 0.0000002263
Error norm-2   : 0.0000002780
Error norm-inf : 0.0000005391
Residual       : 0.0000000001
time cost (sec): 0.28227
dataSolve : data/2-DVlf-32.json 
Error norm-1   : 0.0000137453
Error norm-2   : 0.0000173458
Error norm-inf : 0.0000344502
Residual       : 0.0000000000
time cost (sec): 0.004432
dataSolve : data/2-DVlf-512.json 
Error norm-1   : 0.0000000568
Error norm-2   : 0.0000000696
Error norm-inf : 0.0000001348
Residual       : 0.0000000006
time cost (sec): 1.362829
dataSolve : data/2-DVlf-64.json 
Error norm-1   : 0.0000035391
Error norm-2   : 0.0000043983
Error norm-inf : 0.0000086241
Residual       : 0.0000000000
time cost (sec): 0.022429
dataSolve : data/2-DVli-128.json 
Error norm-1   : 0.0000008983
Error norm-2   : 0.0000011078
Error norm-inf : 0.0000021565
Residual       : 0.0000000000
time cost (sec): 0.071655
dataSolve : data/2-DVli-256.json 
Error norm-1   : 0.0000002263
Error norm-2   : 0.0000002780
Error norm-inf : 0.0000005391
Residual       : 0.0000000000
time cost (sec): 0.303294
dataSolve : data/2-DVli-32.json 
Error norm-1   : 0.0000137453
Error norm-2   : 0.0000173458
Error norm-inf : 0.0000344502
Residual       : 0.0000000000
time cost (sec): 0.003753
dataSolve : data/2-DVli-512.json 
Error norm-1   : 0.0000000568
Error norm-2   : 0.0000000696
Error norm-inf : 0.0000001348
Residual       : 0.0000000000
time cost (sec): 1.289425
dataSolve : data/2-DVli-64.json 
Error norm-1   : 0.0000035391
Error norm-2   : 0.0000043983
Error norm-inf : 0.0000086241
Residual       : 0.0000000000
time cost (sec): 0.015811
dataSolve : data/2-DVqf-128.json 
Error norm-1   : 0.0000008983
Error norm-2   : 0.0000011078
Error norm-inf : 0.0000021565
Residual       : 0.0000000000
time cost (sec): 0.073057
dataSolve : data/2-DVqf-256.json 
Error norm-1   : 0.0000002263
Error norm-2   : 0.0000002780
Error norm-inf : 0.0000005391
Residual       : 0.0000000001
time cost (sec): 0.287658
dataSolve : data/2-DVqf-32.json 
Error norm-1   : 0.0000137453
Error norm-2   : 0.0000173458
Error norm-inf : 0.0000344502
Residual       : 0.0000000000
time cost (sec): 0.0042
dataSolve : data/2-DVqf-512.json 
Error norm-1   : 0.0000000568
Error norm-2   : 0.0000000696
Error norm-inf : 0.0000001348
Residual       : 0.0000000003
time cost (sec): 1.479862
dataSolve : data/2-DVqf-64.json 
Error norm-1   : 0.0000035391
Error norm-2   : 0.0000043983
Error norm-inf : 0.0000086241
Residual       : 0.0000000000
time cost (sec): 0.013203
dataSolve : data/2-DVqi-128.json 
Error norm-1   : 0.0000008983
Error norm-2   : 0.0000011078
Error norm-inf : 0.0000021565
Residual       : 0.0000000000
time cost (sec): 0.056699
dataSolve : data/2-DVqi-256.json 
Error norm-1   : 0.0000002263
Error norm-2   : 0.0000002780
Error norm-inf : 0.0000005391
Residual       : 0.0000000001
time cost (sec): 0.313876
dataSolve : data/2-DVqi-32.json 
Error norm-1   : 0.0000137453
Error norm-2   : 0.0000173458
Error norm-inf : 0.0000344502
Residual       : 0.0000000000
time cost (sec): 0.004173
dataSolve : data/2-DVqi-512.json 
Error norm-1   : 0.0000000568
Error norm-2   : 0.0000000696
Error norm-inf : 0.0000001348
Residual       : 0.0000000004
time cost (sec): 1.246286
dataSolve : data/2-DVqi-64.json 
Error norm-1   : 0.0000035391
Error norm-2   : 0.0000043983
Error norm-inf : 0.0000086241
Residual       : 0.0000000000
time cost (sec): 0.016393
dataSolve : data/2-NFlf-128.json 
Error norm-1   : 0.0000190730
Error norm-2   : 0.0000232123
Error norm-inf : 0.0000539986
Residual       : 0.0003564425
time cost (sec): 0.095422
dataSolve : data/2-NFlf-256.json 
Error norm-1   : 0.0000047397
Error norm-2   : 0.0000057704
Error norm-inf : 0.0000135344
Residual       : 0.0001209084
time cost (sec): 0.443522
dataSolve : data/2-NFlf-32.json 
Error norm-1   : 0.0003155484
Error norm-2   : 0.0003831311
Error norm-inf : 0.0008531808
Residual       : 0.0030857358
time cost (sec): 0.006614
dataSolve : data/2-NFlf-512.json 
Error norm-1   : 0.0000011813
Error norm-2   : 0.0000014385
Error norm-inf : 0.0000033886
Residual       : 0.0000409459
time cost (sec): 2.193728
dataSolve : data/2-NFlf-64.json 
Error norm-1   : 0.0000771845
Error norm-2   : 0.0000938652
Error norm-inf : 0.0002150141
Residual       : 0.0010493177
time cost (sec): 0.022724
dataSolve : data/2-NFli-128.json 
Error norm-1   : 0.0000190732
Error norm-2   : 0.0000232129
Error norm-inf : 0.0000540189
Residual       : 0.0003553972
time cost (sec): 0.090524
dataSolve : data/2-NFli-256.json 
Error norm-1   : 0.0000047398
Error norm-2   : 0.0000057706
Error norm-inf : 0.0000135414
Residual       : 0.0001203588
time cost (sec): 0.395393
dataSolve : data/2-NFli-32.json 
Error norm-1   : 0.0003155497
Error norm-2   : 0.0003831353
Error norm-inf : 0.0008533350
Residual       : 0.0030777690
time cost (sec): 0.006339
dataSolve : data/2-NFli-512.json 
Error norm-1   : 0.0000011813
Error norm-2   : 0.0000014385
Error norm-inf : 0.0000033908
Residual       : 0.0000406522
time cost (sec): 2.007888
dataSolve : data/2-NFli-64.json 
Error norm-1   : 0.0000771849
Error norm-2   : 0.0000938667
Error norm-inf : 0.0002150685
Residual       : 0.0010468487
time cost (sec): 0.021804
dataSolve : data/2-NFqf-128.json 
Error norm-1   : 0.0000190730
Error norm-2   : 0.0000232120
Error norm-inf : 0.0000539577
Residual       : 0.0003730883
time cost (sec): 0.094634
dataSolve : data/2-NFqf-256.json 
Error norm-1   : 0.0000047397
Error norm-2   : 0.0000057703
Error norm-inf : 0.0000135232
Residual       : 0.0001283389
time cost (sec): 0.407945
dataSolve : data/2-NFqf-32.json 
Error norm-1   : 0.0003155491
Error norm-2   : 0.0003831280
Error norm-inf : 0.0008527307
Residual       : 0.0031471967
time cost (sec): 0.006652
dataSolve : data/2-NFqf-512.json 
Error norm-1   : 0.0000011813
Error norm-2   : 0.0000014384
Error norm-inf : 0.0000033856
Residual       : 0.0000441137
time cost (sec): 1.826393
dataSolve : data/2-NFqf-64.json 
Error norm-1   : 0.0000771846
Error norm-2   : 0.0000938641
Error norm-inf : 0.0002148712
Residual       : 0.0010838586
time cost (sec): 0.022655
dataSolve : data/2-NFqi-128.json 
Error norm-1   : 0.0000190732
Error norm-2   : 0.0000232125
Error norm-inf : 0.0000539805
Residual       : 0.0003711779
time cost (sec): 0.093421
dataSolve : data/2-NFqi-256.json 
Error norm-1   : 0.0000047398
Error norm-2   : 0.0000057705
Error norm-inf : 0.0000135311
Residual       : 0.0001272247
time cost (sec): 0.407268
dataSolve : data/2-NFqi-32.json 
Error norm-1   : 0.0003155500
Error norm-2   : 0.0003831313
Error norm-inf : 0.0008528448
Residual       : 0.0031423026
time cost (sec): 0.007165
dataSolve : data/2-NFqi-512.json 
Error norm-1   : 0.0000011813
Error norm-2   : 0.0000014385
Error norm-inf : 0.0000033881
Residual       : 0.0000435314
time cost (sec): 2.150457
dataSolve : data/2-NFqi-64.json 
Error norm-1   : 0.0000771849
Error norm-2   : 0.0000938656
Error norm-inf : 0.0002149273
Residual       : 0.0010809085
time cost (sec): 0.030462
dataSolve : data/2-NVlf-128.json 
Error norm-1   : 0.0000191471
Error norm-2   : 0.0000232793
Error norm-inf : 0.0000541822
Residual       : 0.0003526688
time cost (sec): 0.083736
dataSolve : data/2-NVlf-256.json 
Error norm-1   : 0.0000048692
Error norm-2   : 0.0000058824
Error norm-inf : 0.0000136724
Residual       : 0.0001849789
time cost (sec): 0.446936
dataSolve : data/2-NVlf-32.json 
Error norm-1   : 0.0003155857
Error norm-2   : 0.0003831960
Error norm-inf : 0.0008552472
Residual       : 0.0029250651
time cost (sec): 0.005777
dataSolve : data/2-NVlf-512.json 
Error norm-1   : 0.0000014453
Error norm-2   : 0.0000016851
Error norm-inf : 0.0000035389
Residual       : 0.0002460863
time cost (sec): 2.037263
dataSolve : data/2-NVlf-64.json 
Error norm-1   : 0.0000772280
Error norm-2   : 0.0000939119
Error norm-inf : 0.0002155358
Residual       : 0.0009855768
time cost (sec): 0.023999
dataSolve : data/2-NVli-128.json 
Error norm-1   : 0.0000191631
Error norm-2   : 0.0000232944
Error norm-inf : 0.0000542531
Residual       : 0.0003492749
time cost (sec): 0.105937
dataSolve : data/2-NVli-256.json 
Error norm-1   : 0.0000049056
Error norm-2   : 0.0000059146
Error norm-inf : 0.0000137147
Residual       : 0.0001949223
time cost (sec): 0.471695
dataSolve : data/2-NVli-32.json 
Error norm-1   : 0.0003155936
Error norm-2   : 0.0003832141
Error norm-inf : 0.0008558572
Residual       : 0.0028935148
time cost (sec): 0.005572
dataSolve : data/2-NVli-512.json 
Error norm-1   : 0.0000015473
Error norm-2   : 0.0000017913
Error norm-inf : 0.0000037488
Residual       : 0.0002861410
time cost (sec): 1.818714
dataSolve : data/2-NVli-64.json 
Error norm-1   : 0.0000772359
Error norm-2   : 0.0000939227
Error norm-inf : 0.0002157342
Residual       : 0.0009708850
time cost (sec): 0.017762
dataSolve : data/2-NVqf-128.json 
Error norm-1   : 0.0000190668
Error norm-2   : 0.0000232064
Error norm-inf : 0.0000540282
Residual       : 0.0003509724
time cost (sec): 0.077472
dataSolve : data/2-NVqf-256.json 
Error norm-1   : 0.0000047244
Error norm-2   : 0.0000057545
Error norm-inf : 0.0000135111
Residual       : 0.0001211720
time cost (sec): 0.348737
dataSolve : data/2-NVqf-32.json 
Error norm-1   : 0.0003155631
Error norm-2   : 0.0003831678
Error norm-inf : 0.0008545229
Residual       : 0.0030091217
time cost (sec): 0.005277
dataSolve : data/2-NVqf-512.json 
Error norm-1   : 0.0000011486
Error norm-2   : 0.0000014051
Error norm-inf : 0.0000033318
Residual       : 0.0000445416
time cost (sec): 1.803548
dataSolve : data/2-NVqf-64.json 
Error norm-1   : 0.0000771843
Error norm-2   : 0.0000938695
Error norm-inf : 0.0002152715
Residual       : 0.0010260570
time cost (sec): 0.017894
dataSolve : data/2-NVqi-128.json 
Error norm-1   : 0.0000190700
Error norm-2   : 0.0000232115
Error norm-inf : 0.0000540960
Residual       : 0.0003424285
time cost (sec): 0.075466
dataSolve : data/2-NVqi-256.json 
Error norm-1   : 0.0000047322
Error norm-2   : 0.0000057653
Error norm-inf : 0.0000135530
Residual       : 0.0001172184
time cost (sec): 0.442186
dataSolve : data/2-NVqi-32.json 
Error norm-1   : 0.0003155690
Error norm-2   : 0.0003831846
Error norm-inf : 0.0008551791
Residual       : 0.0029724211
time cost (sec): 0.005692
dataSolve : data/2-NVqi-512.json 
Error norm-1   : 0.0000011694
Error norm-2   : 0.0000014330
Error norm-inf : 0.0000034029
Residual       : 0.0000424270
time cost (sec): 2.002046
dataSolve : data/2-NVqi-64.json 
Error norm-1   : 0.0000771865
Error norm-2   : 0.0000938755
Error norm-inf : 0.0002154795
Residual       : 0.0010076056
time cost (sec): 0.020307
dataSolve : data/2-mFlf-128.json 
Error norm-1   : 0.0000151953
Error norm-2   : 0.0000217659
Error norm-inf : 0.0000654514
Residual       : 0.0000000000
time cost (sec): 0.06367
dataSolve : data/2-mFlf-256.json 
Error norm-1   : 0.0000037815
Error norm-2   : 0.0000054075
Error norm-inf : 0.0000163150
Residual       : 0.0000000002
time cost (sec): 0.380782
dataSolve : data/2-mFlf-32.json 
Error norm-1   : 0.0002492949
Error norm-2   : 0.0003604720
Error norm-inf : 0.0010635953
Residual       : 0.0000000000
time cost (sec): 0.005359
dataSolve : data/2-mFlf-512.json 
Error norm-1   : 0.0000009432
Error norm-2   : 0.0000013476
Error norm-inf : 0.0000040726
Residual       : 0.0000000002
time cost (sec): 1.48603
dataSolve : data/2-mFlf-64.json 
Error norm-1   : 0.0000613184
Error norm-2   : 0.0000881217
Error norm-inf : 0.0002632680
Residual       : 0.0000000000
time cost (sec): 0.021939
dataSolve : data/2-mFli-128.json 
Error norm-1   : 0.0000151953
Error norm-2   : 0.0000217659
Error norm-inf : 0.0000654514
Residual       : 0.0000000000
time cost (sec): 0.084448
dataSolve : data/2-mFli-256.json 
Error norm-1   : 0.0000037815
Error norm-2   : 0.0000054075
Error norm-inf : 0.0000163150
Residual       : 0.0000000000
time cost (sec): 0.342296
dataSolve : data/2-mFli-32.json 
Error norm-1   : 0.0002492949
Error norm-2   : 0.0003604720
Error norm-inf : 0.0010635953
Residual       : 0.0000000000
time cost (sec): 0.005499
dataSolve : data/2-mFli-512.json 
Error norm-1   : 0.0000009432
Error norm-2   : 0.0000013476
Error norm-inf : 0.0000040726
Residual       : 0.0000000000
time cost (sec): 1.420509
dataSolve : data/2-mFli-64.json 
Error norm-1   : 0.0000613184
Error norm-2   : 0.0000881217
Error norm-inf : 0.0002632680
Residual       : 0.0000000000
time cost (sec): 0.017582
dataSolve : data/2-mFqf-128.json 
Error norm-1   : 0.0000151953
Error norm-2   : 0.0000217659
Error norm-inf : 0.0000654514
Residual       : 0.0000000001
time cost (sec): 0.065258
dataSolve : data/2-mFqf-256.json 
Error norm-1   : 0.0000037815
Error norm-2   : 0.0000054075
Error norm-inf : 0.0000163150
Residual       : 0.0000000002
time cost (sec): 0.314449
dataSolve : data/2-mFqf-32.json 
Error norm-1   : 0.0002492949
Error norm-2   : 0.0003604720
Error norm-inf : 0.0010635953
Residual       : 0.0000000000
time cost (sec): 0.005341
dataSolve : data/2-mFqf-512.json 
Error norm-1   : 0.0000009432
Error norm-2   : 0.0000013476
Error norm-inf : 0.0000040726
Residual       : 0.0000000001
time cost (sec): 1.864895
dataSolve : data/2-mFqf-64.json 
Error norm-1   : 0.0000613184
Error norm-2   : 0.0000881217
Error norm-inf : 0.0002632680
Residual       : 0.0000000000
time cost (sec): 0.018999
dataSolve : data/2-mFqi-128.json 
Error norm-1   : 0.0000151953
Error norm-2   : 0.0000217659
Error norm-inf : 0.0000654514
Residual       : 0.0000000000
time cost (sec): 0.104078
dataSolve : data/2-mFqi-256.json 
Error norm-1   : 0.0000037815
Error norm-2   : 0.0000054075
Error norm-inf : 0.0000163150
Residual       : 0.0000000000
time cost (sec): 0.388657
dataSolve : data/2-mFqi-32.json 
Error norm-1   : 0.0002492949
Error norm-2   : 0.0003604720
Error norm-inf : 0.0010635953
Residual       : 0.0000000000
time cost (sec): 0.006155
dataSolve : data/2-mFqi-512.json 
Error norm-1   : 0.0000009432
Error norm-2   : 0.0000013476
Error norm-inf : 0.0000040726
Residual       : 0.0000000001
time cost (sec): 1.886294
dataSolve : data/2-mFqi-64.json 
Error norm-1   : 0.0000613184
Error norm-2   : 0.0000881217
Error norm-inf : 0.0002632680
Residual       : 0.0000000000
time cost (sec): 0.021629
dataSolve : data/2-mVlf-128.json 
Error norm-1   : 0.0000152885
Error norm-2   : 0.0000218838
Error norm-inf : 0.0000657251
Residual       : 0.0000173849
time cost (sec): 0.103579
dataSolve : data/2-mVlf-256.json 
Error norm-1   : 0.0000039739
Error norm-2   : 0.0000056501
Error norm-inf : 0.0000168774
Residual       : 0.0000635815
time cost (sec): 0.438578
dataSolve : data/2-mVlf-32.json 
Error norm-1   : 0.0002493083
Error norm-2   : 0.0003604890
Error norm-inf : 0.0010636339
Residual       : 0.0000007705
time cost (sec): 0.005621
dataSolve : data/2-mVlf-512.json 
Error norm-1   : 0.0000013148
Error norm-2   : 0.0000018104
Error norm-inf : 0.0000051583
Residual       : 0.0002079380
time cost (sec): 1.703571
dataSolve : data/2-mVlf-64.json 
Error norm-1   : 0.0000613577
Error norm-2   : 0.0000881715
Error norm-inf : 0.0002633819
Residual       : 0.0000040801
time cost (sec): 0.017215
dataSolve : data/2-mVli-128.json 
Error norm-1   : 0.0000153074
Error norm-2   : 0.0000219075
Error norm-inf : 0.0000657790
Residual       : 0.0000194935
time cost (sec): 0.069162
dataSolve : data/2-mVli-256.json 
Error norm-1   : 0.0000040257
Error norm-2   : 0.0000057147
Error norm-inf : 0.0000170251
Residual       : 0.0000736431
time cost (sec): 0.336728
dataSolve : data/2-mVli-32.json 
Error norm-1   : 0.0002493089
Error norm-2   : 0.0003604897
Error norm-inf : 0.0010636355
Residual       : 0.0000007805
time cost (sec): 0.004795
dataSolve : data/2-mVli-512.json 
Error norm-1   : 0.0000014402
Error norm-2   : 0.0000019650
Error norm-inf : 0.0000055226
Residual       : 0.0002471905
time cost (sec): 1.598827
dataSolve : data/2-mVli-64.json 
Error norm-1   : 0.0000613628
Error norm-2   : 0.0000881779
Error norm-inf : 0.0002633962
Residual       : 0.0000043849
time cost (sec): 0.017392
dataSolve : data/2-mVqf-128.json 
Error norm-1   : 0.0000151947
Error norm-2   : 0.0000217651
Error norm-inf : 0.0000654497
Residual       : 0.0000001029
time cost (sec): 0.081807
dataSolve : data/2-mVqf-256.json 
Error norm-1   : 0.0000037791
Error norm-2   : 0.0000054045
Error norm-inf : 0.0000163083
Residual       : 0.0000003692
time cost (sec): 0.324827
dataSolve : data/2-mVqf-32.json 
Error norm-1   : 0.0002492949
Error norm-2   : 0.0003604720
Error norm-inf : 0.0010635952
Residual       : 0.0000000016
time cost (sec): 0.005299
dataSolve : data/2-mVqf-512.json 
Error norm-1   : 0.0000009350
Error norm-2   : 0.0000013375
Error norm-inf : 0.0000040496
Residual       : 0.0000021735
time cost (sec): 1.579505
dataSolve : data/2-mVqf-64.json 
Error norm-1   : 0.0000613183
Error norm-2   : 0.0000881215
Error norm-inf : 0.0002632676
Residual       : 0.0000000159
time cost (sec): 0.017734
dataSolve : data/2-mVqi-128.json 
Error norm-1   : 0.0000151953
Error norm-2   : 0.0000217659
Error norm-inf : 0.0000654515
Residual       : 0.0000001551
time cost (sec): 0.068955
dataSolve : data/2-mVqi-256.json 
Error norm-1   : 0.0000037804
Error norm-2   : 0.0000054064
Error norm-inf : 0.0000163134
Residual       : 0.0000014163
time cost (sec): 0.356107
dataSolve : data/2-mVqi-32.json 
Error norm-1   : 0.0002492949
Error norm-2   : 0.0003604720
Error norm-inf : 0.0010635953
Residual       : 0.0000000005
time cost (sec): 0.005201
dataSolve : data/2-mVqi-512.json 
Error norm-1   : 0.0000009362
Error norm-2   : 0.0000013400
Error norm-inf : 0.0000040586
Residual       : 0.0000085390
time cost (sec): 1.504661
dataSolve : data/2-mVqi-64.json 
Error norm-1   : 0.0000613184
Error norm-2   : 0.0000881217
Error norm-inf : 0.0002632681
Residual       : 0.0000000107
time cost (sec): 0.021568
